20230204	00:01:59	f259e939-e305-4138-9d40-8b4d0a7b1c98	GET	/	undefined
20230204	00:01:59	3a31a552-468b-4794-9ec7-2f457e996ba6	GET	/css/style.css	undefined
20230204	00:02:00	07304dfb-36e6-4ea3-b13b-a84e8716b3e9	GET	/favicon.ico	undefined
20230204	00:03:54	34f4f89b-8ca3-493d-9267-85df700325a3	GET	/	undefined
20230204	00:03:54	df1f7a9a-733a-46e7-bb6e-0606395c265a	GET	/css/style.css	undefined
20230204	00:03:56	7e8d91c9-9186-4896-b3e8-910aa5e42dcd	GET	/	undefined
20230204	00:03:56	94c0b287-c1b2-4689-bfd3-327821dedb04	GET	/css/style.css	undefined
20230204	02:16:44	e26782ee-e9ec-46bd-878a-f46d990fb0d6	GET	/	undefined
20230204	02:16:44	ba26e02f-edca-4e8b-94a5-1e6aa6bb8b91	GET	/css/style.css	undefined
20230207	01:45:40	df3f365f-4d65-4a18-b94c-4591df579609	GET	/	undefined
20230207	01:45:40	951fb46b-f915-44b7-882e-4148139511c4	GET	/css/style.css	undefined
20230207	01:45:41	c17a3c49-7f47-46cf-a05d-cc27713a6aa9	GET	/favicon.ico	undefined
20230207	01:45:45	d66a2c04-1314-4c84-a5e6-dbb669a50d4c	GET	/css/style.css	undefined
20230209	15:23:13	b1d8db8f-f41c-4c94-b2d6-1e733f692bd5	GET	/	undefined
20230209	15:23:13	56888c07-235c-4ddd-89e0-117af29df364	GET	/css/style.css	undefined
20230209	15:23:14	fe02dde4-9d25-45db-a2db-6ece9ae8d861	GET	/favicon.ico	undefined
20230314	15:39:10	9d8574b9-7a7c-43f3-a8ca-a294423bc6a9	OPTIONS	/auth	http://localhost:3000
20230314	15:39:10	c5a90979-58e9-4c1c-abf3-e385ae8da2d1	POST	/auth	http://localhost:3000
20230314	15:39:51	f5ca676e-aec3-4ee7-b77c-f8def03b6f7b	OPTIONS	/auth	http://localhost:3000
20230314	15:39:51	ec002064-5a76-4c0b-9553-341a6dffeac8	POST	/auth	http://localhost:3000
20230314	15:46:53	a9df5057-354e-4c5a-b6e8-0aa8af28ebed	POST	/users/	undefined
20230314	15:47:16	f3ef4932-b58a-45f7-8062-62edfb240b3b	POST	/users/	undefined
20230314	15:54:56	277a9fe0-1b17-4853-b58b-b5b5f5ec5af9	POST	/auth/	undefined
20230314	15:55:09	f9fdaca2-6af6-45d8-bcc8-d8f62b5826e8	POST	/auth/	undefined
20230314	15:55:21	1039e6a5-e12f-4da8-837e-409240a9cca0	POST	/auth/	undefined
20230314	15:55:41	2d42e185-157e-40cb-a43b-21bbd847ff6e	POST	/auth/	undefined
20230314	15:56:59	b99587cd-ff0d-4e9a-a5e6-aea7c4357bc0	POST	/auth/	undefined
20230314	15:57:37	93764b0d-0c58-4994-985a-26af914450fb	POST	/auth/	undefined
20230314	15:58:59	b59acd53-216f-4a59-b10f-6097f11ff185	POST	/auth/	undefined
20230314	16:00:23	d2043844-80b4-4c0e-8eca-cea50f67b2f3	POST	/auth/	undefined
20230314	16:01:25	59f04f2e-148e-409b-a3cf-03ff2c07dc2d	POST	/user/	undefined
20230314	16:02:10	9a97eb0b-f5ef-4d0f-affa-3346496a1b60	POST	/auth/	undefined
20230314	16:12:27	81aab92d-5c1f-4cbd-a3d3-e7693c7581bb	POST	/auth/	undefined
20230314	17:11:37	6f223aec-4cfc-45f2-931d-5cc8bd3e2075	OPTIONS	/auth	http://localhost:3000
20230314	17:11:37	96a6cb4d-8443-4a55-8667-a6d6b461c18a	POST	/auth	http://localhost:3000
20230314	17:11:39	452c8f39-f03a-4651-8ed3-8a86e26c8d3d	POST	/auth	http://localhost:3000
20230314	17:11:59	c5232daf-26a7-47ba-8648-722de8137ae3	POST	/users/	undefined
20230314	17:12:08	eb4c857e-52f3-4dac-90ef-443ba680a2cb	GET	/users/	undefined
20230314	17:12:22	467c5f51-abcb-4468-80a5-fcfedbbd1a6b	POST	/auth/	undefined
20230314	17:12:27	3dfadcd4-41b4-4195-8368-4d2082cf195a	GET	/auth/	undefined
20230314	17:39:15	2ebec8a6-6e90-4566-b15a-d20e71c3a3b2	POST	/auth/	undefined
20230314	17:42:06	c9a665f9-e61a-4a0d-a4fd-f186b61fd745	POST	/auth/	undefined
20230314	18:00:15	aa72eb10-ed30-43a7-b236-13d58c272eb1	POST	/auth/logout	http://localhost:3000
20230321	10:42:06	ee248a4e-a4d4-4a30-8186-d1028cb420c2	POST	/auth/logout	http://localhost:3000
20230321	10:42:08	0318c04a-933b-49d7-8760-b1357d283a1b	POST	/auth/logout	http://localhost:3000
20230321	10:42:09	b31b760c-ab8e-4859-ad55-aac787ba861a	POST	/auth/logout	http://localhost:3000
20230321	10:42:10	75dd223f-b814-4e77-aa3f-7df19b17d29d	POST	/auth/logout	http://localhost:3000
20230321	10:42:11	1d214640-c6f6-4474-ad08-7eb3502262c4	POST	/auth/logout	http://localhost:3000
20230321	10:42:11	f42d231a-caf7-4442-b7ad-28ff38b89539	POST	/auth/logout	http://localhost:3000
20230321	10:42:12	fea15d57-248a-47a4-9b1c-6e12be47fe85	POST	/auth/logout	http://localhost:3000
20230321	10:42:55	5969bbd6-76cd-4293-8244-fea5939039f4	POST	/auth/logout	http://localhost:3000
20230321	10:43:04	93d5fe93-5141-4946-868d-eafdd99b71a4	POST	/auth/logout	http://localhost:3000
20230321	10:43:04	1a5d50f1-ecb0-4bb2-b34e-9a26e50888c3	POST	/auth/logout	http://localhost:3000
20230321	10:43:05	b8e07c39-8037-4e21-a5e7-1b54bbdb1f27	POST	/auth/logout	http://localhost:3000
20230321	10:43:05	758d4028-0dac-4496-84bc-420d968ce1c5	POST	/auth/logout	http://localhost:3000
20230321	10:43:06	2be6d309-c3c7-44c2-bb80-c96c1d1545f1	POST	/auth/logout	http://localhost:3000
20230321	10:43:06	f87d8019-5cc1-4db6-a780-1d40a6f6ce8b	POST	/auth/logout	http://localhost:3000
20230321	10:43:06	18a084d0-6b85-4443-a92e-8e01ab1fd168	POST	/auth/logout	http://localhost:3000
20230321	10:44:52	4a1aa406-2ea6-4cfb-b09f-59c5c042e8ef	POST	/auth/logout	http://localhost:3000
20230321	10:44:59	ca80a233-e895-46d8-a135-db894d017523	POST	/auth/logout	http://localhost:3000
20230321	10:44:59	06954cd5-0512-43c7-8952-9b1e0c025552	POST	/auth/logout	http://localhost:3000
20230321	12:11:31	2b6ec2eb-c93b-49b2-a59a-c27abdcd553a	GET	/users	undefined
20230321	12:11:51	03079b1f-26f7-4813-8100-bbe0ea8f6d95	POST	/users	undefined
20230321	12:17:53	44462867-3dbd-4613-b77c-8189305b1d6f	POST	/user	undefined
20230321	12:18:05	1f00e04d-79b8-4298-9ac4-eb7e79ecafdb	POST	/	undefined
20230321	12:19:59	cfa697f9-a352-4e6b-90e1-c26dbad82fce	POST	/auth/	undefined
20230321	13:21:16	4953a417-c71a-46d2-9f18-a27374b446fe	POST	/users	undefined
20230321	13:22:05	aca1898e-a4ad-4ba2-a146-1fa205e55ca3	POST	/users	undefined
20230321	13:22:45	95efb924-1497-406c-8ce2-3018fd08b2f9	POST	/users	undefined
20230321	13:24:24	a8750a31-bee8-4be2-8ccf-ab8d7abf3861	POST	/users	undefined
20230321	13:24:40	0a6ea8a5-c602-4323-baf3-362b52f71c36	POST	/users	undefined
20230321	13:24:55	38aeee6e-48a2-449c-ab95-38674c55614d	POST	/users	undefined
20230321	13:25:35	af960079-1e48-4df1-a5ee-154f381cb7ed	OPTIONS	/auth	http://localhost:3000
20230321	13:25:35	7b3802b5-412e-406a-abd5-17b0e24a33f0	POST	/auth	http://localhost:3000
20230321	13:25:35	8fd76ec5-c279-4def-919c-e5811729ba80	GET	/auth/refresh	http://localhost:3000
20230321	13:25:54	b7565c00-2dc3-4c2a-9521-b87140bc428d	OPTIONS	/auth	http://localhost:3000
20230321	13:25:54	b6de4046-8b4b-48d0-8f97-58cd65885f9c	POST	/auth	http://localhost:3000
20230321	13:25:55	dae0cbaf-da0e-4f0b-9812-b0f0d7d03289	GET	/auth/refresh	http://localhost:3000
20230321	13:27:35	34851b3a-7f7e-4cee-b923-8023962a5d4d	OPTIONS	/auth	http://localhost:3000
20230321	13:27:35	732bbe86-9a69-492b-b7e8-634024503cce	POST	/auth	http://localhost:3000
20230321	13:27:35	59733ecd-5dcb-4589-b983-93d5f2ac89c5	GET	/auth/refresh	http://localhost:3000
20230321	13:27:47	bab3fe12-ea29-4e69-afde-8fa4a3c9f205	GET	/auth/refresh	http://localhost:3000
20230321	13:28:11	808e4c03-fa01-40fa-81ed-df4d20d5f735	GET	/users	undefined
20230321	13:31:00	16f34816-9261-4ce9-9f42-29b094f2ea73	OPTIONS	/auth	http://localhost:3000
20230321	13:31:00	f9669930-c866-4c31-bc95-b26597b0cd4e	POST	/auth	http://localhost:3000
20230321	13:31:00	8a5d7b5f-c183-4e17-b4a5-6183b471999a	OPTIONS	/notes	http://localhost:3000
20230321	13:31:00	2fb0596d-bb88-42da-baa5-9308613679e8	OPTIONS	/users	http://localhost:3000
20230321	13:31:00	2ef267da-a9e5-4df3-a903-8fb854a0f5c3	GET	/notes	http://localhost:3000
20230321	13:31:00	892ca753-a07a-4853-924a-83f731546bef	GET	/users	http://localhost:3000
20230321	13:31:40	7b270bff-be77-44e1-985d-d9c05f150b50	OPTIONS	/auth/logout	http://localhost:3000
20230321	13:31:40	c439f3f3-93d4-4719-8e08-0a23b1aedbe0	POST	/auth/logout	http://localhost:3000
20230321	13:31:47	8710777e-755c-4003-aeff-f4d9843586bb	OPTIONS	/auth	http://localhost:3000
20230321	13:31:47	b32fe08c-4087-4462-8048-ed71e5a8ccea	POST	/auth	http://localhost:3000
20230321	13:31:48	d001d3da-1a94-42c6-aac3-cc894041fee2	OPTIONS	/notes	http://localhost:3000
20230321	13:31:48	8fdfef89-a4e3-4b2d-b347-ae3e5b06c768	GET	/notes	http://localhost:3000
20230321	13:31:48	68dd50bc-5b6c-456d-a63d-d7dde47de60e	OPTIONS	/users	http://localhost:3000
20230321	13:31:48	91df18a5-2f78-43d9-8e33-d1a3dd11dcfd	GET	/users	http://localhost:3000
20230321	13:31:52	6a72f9ab-702b-4d19-b3fb-09c38004e052	GET	/notes	http://localhost:3000
20230321	13:31:57	a07691d6-5422-46eb-bbdf-2428b4ef5752	OPTIONS	/auth/logout	http://localhost:3000
20230321	13:31:57	47997e9c-2945-4107-818d-254b200c101b	POST	/auth/logout	http://localhost:3000
20230321	13:32:01	06fafc19-1756-45ef-bd46-a52f8b7fd40e	POST	/auth/logout	http://localhost:3000
20230321	13:32:10	c86cef22-dcd6-4215-86e4-b3adf1c27f2c	OPTIONS	/auth	http://localhost:3000
20230321	13:32:10	2ec141e2-b08a-478e-8f0b-290065247b09	POST	/auth	http://localhost:3000
20230321	13:32:10	f5c20c91-8565-438e-9f1c-d551f20cd497	OPTIONS	/notes	http://localhost:3000
20230321	13:32:10	3d30a92d-3c30-46af-9f6f-2ae4a2837198	OPTIONS	/users	http://localhost:3000
20230321	13:32:10	6d9689ed-487c-477c-94b7-9258b969bab2	GET	/notes	http://localhost:3000
20230321	13:32:10	4151036c-5113-4b3f-996e-f5e71f55f72e	GET	/users	http://localhost:3000
20230321	13:32:24	1f4d85a9-01e5-47c5-b059-3eb80cdddc85	OPTIONS	/notes	http://localhost:3000
20230321	13:32:24	4cb09904-0ff6-441c-ace3-ffe4770ffb91	GET	/notes	http://localhost:3000
20230321	13:32:47	b66c937a-e04d-4989-b65d-8397dc7bd15c	OPTIONS	/notes	http://localhost:3000
20230321	13:32:47	79eaab31-6449-44da-8798-6003575d4170	POST	/notes	http://localhost:3000
20230321	13:32:48	2e745256-4b91-45dd-bed9-b32ff7f85fb5	GET	/notes	http://localhost:3000
20230321	13:32:48	93a7db41-a2b2-4302-99d0-eabfc2c00ae8	GET	/notes	http://localhost:3000
20230321	13:33:04	c24a822c-971c-4d6d-bbf3-a9ee94587ceb	OPTIONS	/notes	http://localhost:3000
20230321	13:33:04	42f049bf-d058-4190-85d4-f34c096a70e7	PATCH	/notes	http://localhost:3000
20230321	13:33:04	9d8db3f5-861c-4f4d-b68a-c0f20ffe6724	GET	/notes	http://localhost:3000
20230321	13:33:04	988607de-a9ed-436e-95aa-d2d9c11c2aea	GET	/notes	http://localhost:3000
20230321	13:33:10	b62e08ec-eaae-49de-9543-1220819aa892	OPTIONS	/notes	http://localhost:3000
20230321	13:33:10	1110e603-876b-4834-90ee-cfad1e77ad0f	GET	/notes	http://localhost:3000
20230321	13:33:14	bb1ec900-8071-4693-84b8-2341dc1ac19f	OPTIONS	/auth/logout	http://localhost:3000
20230321	13:33:14	042e1143-d6cb-493b-9d81-dddb871ba40f	POST	/auth/logout	http://localhost:3000
20230321	13:33:27	50618578-0875-48e8-be58-1448b22884a8	OPTIONS	/auth	http://localhost:3000
20230321	13:33:27	effe6c66-39ab-48d4-b64f-23cb79173ab9	POST	/auth	http://localhost:3000
20230321	13:33:27	4f217c18-a431-4e90-907e-05da04fc0f33	OPTIONS	/notes	http://localhost:3000
20230321	13:33:27	4c56e4eb-3aa7-4b08-8a66-4d92ff31e74c	OPTIONS	/users	http://localhost:3000
20230321	13:33:27	7ced52f7-df03-44c7-82da-ce92d8a4f0d0	GET	/notes	http://localhost:3000
20230321	13:33:27	9a61ed2a-5342-4f99-83d5-f49caa88ab7d	GET	/users	http://localhost:3000
20230321	13:33:35	91327d62-f775-403a-9b28-ec68f3698dd5	OPTIONS	/notes	http://localhost:3000
20230321	13:33:35	2832add7-1962-4341-bc63-4d487b36f651	GET	/notes	http://localhost:3000
20230321	13:34:03	ac8090cd-82a7-4c28-9594-5611b91431f2	OPTIONS	/users	http://localhost:3000
20230321	13:34:03	9635866d-7f31-4a2e-b262-a99f2ef58a64	POST	/users	http://localhost:3000
20230321	13:34:03	3f7aec87-b064-4c6d-86d4-83fd74664a08	GET	/users	http://localhost:3000
20230321	13:34:03	abf0807c-beb2-4587-9853-e20308017bc8	GET	/users	http://localhost:3000
20230321	13:34:07	d2b7b57e-b407-446f-b6c0-b237f224fbde	GET	/users	http://localhost:3000
20230321	13:34:11	a565698a-f45c-4e00-beb6-5529569b5f71	OPTIONS	/auth/logout	http://localhost:3000
20230321	13:34:11	fcd4d306-23a5-47f0-8d46-9675de280dbb	POST	/auth/logout	http://localhost:3000
20230321	13:34:13	abfda061-5206-4575-916a-66e42bdea58a	POST	/auth/logout	http://localhost:3000
20230321	13:34:25	e248ba2c-19c0-488f-b68a-fac98bb3e807	OPTIONS	/auth	http://localhost:3000
20230321	13:34:25	00308faf-138d-48bb-9313-0bb756520bec	POST	/auth	http://localhost:3000
20230321	13:34:28	a6257011-ec0d-41ba-a0db-833627b0bfe6	POST	/auth	http://localhost:3000
20230321	13:34:52	9c4b17b3-3efd-43a3-93c3-78d4dbf24d72	OPTIONS	/auth	http://localhost:3000
20230321	13:34:52	832ce3f9-cf92-4fae-8a84-ff1add9d49a0	POST	/auth	http://localhost:3000
20230321	13:34:52	1f5621f1-4a5b-4d8b-8d0f-d51c2752ccb9	OPTIONS	/notes	http://localhost:3000
20230321	13:34:52	881fe53a-fc49-4f83-81d7-2a794f67aa89	OPTIONS	/users	http://localhost:3000
20230321	13:34:52	2a76cb55-303d-44f9-9a4c-042f45397140	GET	/notes	http://localhost:3000
20230321	13:34:52	9a84b88d-819d-42da-b1f0-1dc5a6a0c3b7	GET	/users	http://localhost:3000
20230321	13:34:55	6796e31b-ffca-4edd-acff-c3faa29aab05	GET	/notes	http://localhost:3000
20230321	13:35:03	c3c242db-00e1-4fda-9a29-5b0896494fe4	OPTIONS	/auth/logout	http://localhost:3000
20230321	13:35:03	b4407a13-b9d7-4e2a-8aea-221eb5438305	POST	/auth/logout	http://localhost:3000
20230321	13:36:23	b09460f8-4f1c-45c8-a61b-49c97625ead7	POST	/auth/logout	http://localhost:3000
20230321	13:36:30	36d4c9ce-87ff-4d60-9f3d-72e85082c42d	OPTIONS	/auth	http://localhost:3000
20230321	13:36:30	b5f57dd4-11bc-4887-babe-cbbbdccb7a9d	POST	/auth	http://localhost:3000
20230321	13:36:30	e71a578e-4c2f-4e9c-b859-22f89fb172ba	OPTIONS	/notes	http://localhost:3000
20230321	13:36:30	2100eb76-999c-40c5-9605-ae8b14c84539	OPTIONS	/users	http://localhost:3000
20230321	13:36:30	14c7dc8f-4411-4381-adf5-b0449429a875	GET	/notes	http://localhost:3000
20230321	13:36:30	4e9600c6-e930-4a36-bf91-225eb4aa40f1	GET	/users	http://localhost:3000
20230321	13:36:34	a05c75f8-ba89-490a-91b8-8e8efa99df86	GET	/users	http://localhost:3000
20230321	13:36:49	958ca56f-6f80-4903-97f0-9c42c87716b6	OPTIONS	/auth/logout	http://localhost:3000
20230321	13:36:49	f618baf3-84a3-4300-a979-80ea629a447f	POST	/auth/logout	http://localhost:3000
20230321	13:36:56	7841189c-1110-4663-8262-968147f49971	OPTIONS	/auth	http://localhost:3000
20230321	13:36:56	5cd5f7b4-665d-4139-a412-3ca47697728b	POST	/auth	http://localhost:3000
20230321	13:36:56	35949aa4-6aa9-465f-9d05-06d15408fe2b	OPTIONS	/notes	http://localhost:3000
20230321	13:36:56	7a4bb065-b4dd-4b22-9fa4-06f26ca3ecea	OPTIONS	/users	http://localhost:3000
20230321	13:36:56	d4c4e7b3-b3a8-4928-bd67-11c0bb3fe37a	GET	/notes	http://localhost:3000
20230321	13:36:56	6dffcfee-4b42-4e9a-8768-c091798c13e2	GET	/users	http://localhost:3000
20230321	13:45:39	d77f6706-e950-4976-a29e-b7e4f224244d	GET	/auth/refresh	http://localhost:3000
20230321	13:45:39	9eb75c11-a8aa-4fcc-8518-65da4bf3cf2e	OPTIONS	/notes	http://localhost:3000
20230321	13:45:39	c0c604aa-9c79-426e-91b1-6f2467b85158	OPTIONS	/users	http://localhost:3000
20230321	13:45:39	72169076-dd55-470e-91e0-f81ce7aba20e	GET	/notes	http://localhost:3000
20230321	13:45:39	7978b65d-6e3a-446b-b711-395169d7eecf	GET	/users	http://localhost:3000
20230321	13:45:50	8ed84e32-6850-446d-8b24-45be24ad127a	OPTIONS	/auth/logout	http://localhost:3000
20230321	13:45:50	944aa930-5de4-47fe-b62c-5b7699a93244	POST	/auth/logout	http://localhost:3000
20230321	13:45:53	3d3dcfc3-e99e-4261-a412-9eb4b3e53641	POST	/auth/logout	http://localhost:3000
20230321	13:45:59	9a7cbaec-6a32-4028-99ca-51cf8e7cf4cd	OPTIONS	/auth	http://localhost:3000
20230321	13:45:59	423275cd-580a-4ad8-9f36-2dc4a3a44522	POST	/auth	http://localhost:3000
20230321	13:45:59	446055fb-9ae0-4128-80dd-eb5be9d41bed	OPTIONS	/notes	http://localhost:3000
20230321	13:45:59	61e08a4c-3697-4dff-87bc-7c6ee7693f2b	OPTIONS	/users	http://localhost:3000
20230321	13:45:59	befcbbab-9f4c-43a6-a717-e9c4273e155b	GET	/notes	http://localhost:3000
20230321	13:45:59	103a0db4-7d1f-4eee-b7b4-645ffacdfca2	GET	/users	http://localhost:3000
20230321	13:50:18	08163c5f-0d01-4307-88c9-5c44ddb0fe80	OPTIONS	/notes	http://localhost:3000
20230321	13:50:18	d3d6f17b-79f3-4553-9bda-ad3823d52d83	GET	/notes	http://localhost:3000
20230321	13:50:20	54b6b1de-96cb-4e4b-a53b-2fcb94d1a126	OPTIONS	/users	http://localhost:3000
20230321	13:50:20	655c0561-688d-4bb6-940d-819cdfbc8446	GET	/users	http://localhost:3000
20230321	13:50:35	3def5cf0-9d95-42e7-ba99-b02c6ee5d608	OPTIONS	/users	http://localhost:3000
20230321	13:50:35	0a2f3302-9298-4c6b-b92d-16f8d401cf3b	GET	/users	http://localhost:3000
20230321	13:50:58	7818037c-2e89-4e48-904e-9b71e459a7c8	OPTIONS	/users	http://localhost:3000
20230321	13:50:58	18e01a73-9fab-4ea0-8cbc-d3e154cb8a9c	PATCH	/users	http://localhost:3000
20230321	13:50:58	a58d4486-ede3-4e3e-8e14-dffcac80e16d	GET	/users	http://localhost:3000
20230321	13:50:58	c06b04db-b3a6-45c2-8d16-fe1de901604f	GET	/users	http://localhost:3000
20230321	13:51:06	33d09f49-c83c-4204-acb6-099651c20f49	OPTIONS	/auth/logout	http://localhost:3000
20230321	13:51:06	8434ffa8-d376-4da4-a4f5-c9f864192f9e	POST	/auth/logout	http://localhost:3000
20230321	13:51:18	261aa011-c62b-4716-b6b0-87659da4d825	OPTIONS	/auth	http://localhost:3000
20230321	13:51:18	ffb90e43-9687-4b43-83f0-eb062bf74a6f	POST	/auth	http://localhost:3000
20230321	13:51:32	a6bdc731-a90c-402e-97d5-59c59271de1b	OPTIONS	/auth	http://localhost:3000
20230321	13:51:32	76c88b42-dc7b-4ad7-a38f-fd37f7683b37	POST	/auth	http://localhost:3000
20230321	13:51:42	fce497c4-272e-4a3e-b879-056efff34d09	OPTIONS	/auth	http://localhost:3000
20230321	13:51:42	0827b9c9-16b9-4f13-b69d-a3b17f9ac2bf	POST	/auth	http://localhost:3000
20230321	13:51:42	855b74c1-59da-481f-8594-ead3b383b4ef	OPTIONS	/notes	http://localhost:3000
20230321	13:51:42	b8a21b9a-438e-4cbb-a2c7-e2eb87118170	OPTIONS	/users	http://localhost:3000
20230321	13:51:42	58ce7912-f80d-4358-b739-60930f550805	GET	/notes	http://localhost:3000
20230321	13:51:42	63b5630a-9bb0-46ba-8989-05f046c072c9	GET	/users	http://localhost:3000
20230321	13:51:47	3104f18b-ee49-46d1-b51e-8aabe16df9a2	GET	/users	http://localhost:3000
20230321	13:51:57	f855285c-8c9b-4edc-b091-e85d4826fae1	OPTIONS	/users	http://localhost:3000
20230321	13:51:57	4580b3bf-620f-4b4f-88ed-407afa6a47ed	PATCH	/users	http://localhost:3000
20230321	13:51:57	7f5a03ba-f7cb-4e9f-b9f9-6412ecde47b2	GET	/users	http://localhost:3000
20230321	13:51:57	4f3c9c3d-4fcf-45f1-8cb2-afaf652a6127	GET	/users	http://localhost:3000
20230321	13:52:03	b36e96d7-4456-4c4f-a15c-48c331edf6cf	OPTIONS	/auth/logout	http://localhost:3000
20230321	13:52:03	67e6d5ca-5f90-42c4-8399-00776acf0436	POST	/auth/logout	http://localhost:3000
20230321	13:52:11	3891444a-be0d-4e88-bd47-562898bba799	OPTIONS	/auth	http://localhost:3000
20230321	13:52:11	73a05558-17d3-4f64-b90a-1fb231e33203	POST	/auth	http://localhost:3000
20230321	13:52:11	3f223fe7-7aa8-49bb-9258-fc1bcd9cf466	OPTIONS	/notes	http://localhost:3000
20230321	13:52:11	cc5075a8-4f89-40c1-9e3e-144bf6b9c3d0	OPTIONS	/users	http://localhost:3000
20230321	13:52:11	f22b85ab-7320-4388-bda9-6575b41334bf	GET	/notes	http://localhost:3000
20230321	13:52:11	8b5b380d-831a-4c97-9639-6bddb03d4ce7	GET	/users	http://localhost:3000
20230321	13:52:20	60d5790f-093b-4338-bfce-b40ca246a928	OPTIONS	/notes	http://localhost:3000
20230321	13:52:20	9f0f772b-fc09-492f-81a3-75dda031035a	GET	/notes	http://localhost:3000
20230321	13:52:45	8823295e-f37c-44a2-b2c9-773ff10f36ef	OPTIONS	/notes	http://localhost:3000
20230321	13:52:45	0ea2f007-1e48-4a84-9c62-0240877ab52f	PATCH	/notes	http://localhost:3000
20230321	13:52:45	bcb020ce-c22b-4ed5-aa28-2ff0729fbc0b	GET	/notes	http://localhost:3000
20230321	13:52:45	d6a3c13c-da08-4562-8469-ecc29044633a	GET	/notes	http://localhost:3000
20230321	13:52:51	0f42f176-4b15-4c65-9694-28319179fa4b	GET	/auth/refresh	http://localhost:3000
20230321	13:52:51	7c336c8d-b7c4-4478-b527-ada76d1d6ae5	OPTIONS	/users	http://localhost:3000
20230321	13:52:51	681705b2-a65a-4413-b602-ffe2f01b1340	OPTIONS	/notes	http://localhost:3000
20230321	13:52:51	5c4ec170-6a16-4c94-912c-e79d1e3ef6d7	OPTIONS	/notes	http://localhost:3000
20230321	13:52:51	9757191e-ae8d-45c2-a458-6982fa4489c0	GET	/users	http://localhost:3000
20230321	13:52:51	871e42c2-cce8-4ea7-b3f8-e40005a3fddd	GET	/notes	http://localhost:3000
20230321	13:52:51	3fccdd0c-7793-495a-9030-22dcd925933d	GET	/notes	http://localhost:3000
20230321	13:53:06	d176e947-2da3-4923-85c0-97c493d1cc13	OPTIONS	/notes	http://localhost:3000
20230321	13:53:06	117cd287-0d81-4022-b7ee-7491889620f5	GET	/notes	http://localhost:3000
20230321	13:53:22	db33e855-91b1-4a20-a556-dc6abc91a493	OPTIONS	/notes	http://localhost:3000
20230321	13:53:22	3859fdba-df5b-419e-88a1-f5cb17a1a5c2	GET	/notes	http://localhost:3000
20230321	13:53:24	b42ccecd-2c10-42c9-b0f1-3d26ff38db76	GET	/notes	http://localhost:3000
20230321	13:53:39	bc5413ae-9280-4707-b796-54fae6bf095f	OPTIONS	/notes	http://localhost:3000
20230321	13:53:39	49a3bc20-9184-44df-843e-79327b299c87	GET	/notes	http://localhost:3000
20230321	13:53:55	8422b51b-8f30-4211-a5b1-9a4304daa406	OPTIONS	/notes	http://localhost:3000
20230321	13:53:55	3f359353-91d8-47fe-94cd-a46596e933f9	GET	/notes	http://localhost:3000
20230321	13:54:11	14c96f7a-1d22-40a5-bc7b-dc83c4fd87bc	OPTIONS	/notes	http://localhost:3000
20230321	13:54:11	0043731d-045f-4550-a90e-6c6ae8f34902	GET	/notes	http://localhost:3000
20230321	13:54:27	1589b902-037c-421e-b027-8fddbc5f20c7	OPTIONS	/notes	http://localhost:3000
20230321	13:54:27	7915cc57-b345-4d70-bf2a-1eca84db2ef1	GET	/notes	http://localhost:3000
20230321	13:54:43	cc85ac91-4f14-40f7-a280-09d51de54689	OPTIONS	/notes	http://localhost:3000
20230321	13:54:43	ecc8eb5a-4940-4397-9923-973a9e628f2f	GET	/notes	http://localhost:3000
20230321	13:54:59	5867fe64-37a5-4137-9347-ebd6160cf6b9	OPTIONS	/notes	http://localhost:3000
20230321	13:54:59	a3854c1e-8752-4544-bab5-f601b2db6e4e	GET	/notes	http://localhost:3000
20230321	13:55:15	ec6aa85c-18ee-4462-a15d-a1245bbdec6b	OPTIONS	/notes	http://localhost:3000
20230321	13:55:15	eddb67a9-0791-49ac-b055-2ee2bf692694	GET	/notes	http://localhost:3000
20230321	13:55:31	3f222b46-d3af-45ee-bca9-17d6fa780e74	OPTIONS	/notes	http://localhost:3000
20230321	13:55:31	9052cdf3-8889-4c0a-bc89-325c823021af	GET	/notes	http://localhost:3000
20230321	13:55:47	e2dc4408-f41d-4823-9765-33551fbb464a	OPTIONS	/notes	http://localhost:3000
20230321	13:55:47	df17f08f-7f63-4b3c-9a3e-658972ec1c6a	GET	/notes	http://localhost:3000
20230321	13:55:51	a0c83a26-e3d3-429e-9f1d-0c8ce635fb01	GET	/notes	http://localhost:3000
20230321	13:56:07	8524c237-c800-4b34-9e82-17fe3bfaf55d	OPTIONS	/notes	http://localhost:3000
20230321	13:56:07	642e3e84-013e-4e24-aed4-8d2de682fb88	GET	/notes	http://localhost:3000
20230321	13:56:23	452e3a9a-7295-4a32-b9bd-dbe5a07be101	OPTIONS	/notes	http://localhost:3000
20230321	13:56:23	9fea5d9d-feaf-4fc4-bdcb-bd7933bf3b3f	GET	/notes	http://localhost:3000
20230321	13:56:39	7998d968-37e4-434a-8894-2f342d8ad338	OPTIONS	/notes	http://localhost:3000
20230321	13:56:39	e8ad92a2-cc0c-4d29-bbcc-43b06604ff6d	GET	/notes	http://localhost:3000
20230321	13:56:45	ad0fbd01-b115-4165-a26d-df9084a89110	OPTIONS	/notes	http://localhost:3000
20230321	13:56:45	0283656d-2a52-43e6-a0b1-136e46d585c5	GET	/notes	http://localhost:3000
20230321	13:56:50	557f7b29-c624-45b3-8263-d61b1b139c64	GET	/notes	http://localhost:3000
20230321	13:57:05	f34bc431-1837-4b9f-a14d-9366c81b8a01	OPTIONS	/notes	http://localhost:3000
20230321	13:57:05	19373905-f02b-4530-9ff1-562277938522	GET	/notes	http://localhost:3000
20230321	13:57:21	7d52cbb9-37e3-42fd-9786-6da4c39ed39c	OPTIONS	/notes	http://localhost:3000
20230321	13:57:21	e78a2bca-d460-4ff4-9f79-3ecb747b216e	GET	/notes	http://localhost:3000
20230321	13:57:37	56eef0fa-22ad-425d-889f-a6e109cf1730	OPTIONS	/notes	http://localhost:3000
20230321	13:57:37	da331bd5-6c99-46e0-8b90-6ec5d5d4b329	GET	/notes	http://localhost:3000
20230321	13:57:53	e933443d-38bd-4276-a6b1-8e097f4598a5	OPTIONS	/notes	http://localhost:3000
20230321	13:57:53	b6d3945e-3c9e-4448-ab35-cfa957da8415	GET	/notes	http://localhost:3000
20230321	13:58:09	aa48f4d1-230e-411f-9f12-994ca86099a5	OPTIONS	/notes	http://localhost:3000
20230321	13:58:09	3d70655b-d745-4b06-bafe-60347b37c042	GET	/notes	http://localhost:3000
20230321	13:58:25	9b5cac26-a843-45c7-a107-5686a444e0b7	OPTIONS	/notes	http://localhost:3000
20230321	13:58:25	a11a0e82-40e9-4614-8a61-2b505e767a8c	GET	/notes	http://localhost:3000
20230321	13:58:41	c90b4844-5135-4ec2-9565-3975061165fb	OPTIONS	/notes	http://localhost:3000
20230321	13:58:41	57c8d167-8db8-4d31-a112-bdf5a4d34de2	GET	/notes	http://localhost:3000
20230321	13:58:57	70757955-856b-43b6-aac0-5772e5aeae9e	OPTIONS	/notes	http://localhost:3000
20230321	13:58:57	bf9cf96c-3374-4275-853e-df722aae81b3	GET	/notes	http://localhost:3000
20230321	13:59:13	2fbe60b8-9afa-4e41-89fa-d6cd78967efd	OPTIONS	/notes	http://localhost:3000
20230321	13:59:13	38495c9c-7832-4a39-8f1b-46f41e7af9cb	GET	/notes	http://localhost:3000
20230321	13:59:29	29776156-5123-4ac1-a34f-927e6fc32b98	OPTIONS	/notes	http://localhost:3000
20230321	13:59:29	e3b04db3-d675-4150-83d9-de6746e3752d	GET	/notes	http://localhost:3000
20230321	13:59:45	a0b9df88-9d83-4b89-96f3-23d87e547096	OPTIONS	/notes	http://localhost:3000
20230321	13:59:45	f098ef9c-19c8-4e01-88d0-c19d762fd0ab	GET	/notes	http://localhost:3000
20230321	14:00:01	5710d040-2477-400b-b698-3e0932858238	OPTIONS	/notes	http://localhost:3000
20230321	14:00:01	4de29318-3246-4f84-b882-03a4e105c9df	GET	/notes	http://localhost:3000
20230321	14:00:17	cb88bcf4-d353-44c4-bc77-b183b3f1546d	OPTIONS	/notes	http://localhost:3000
20230321	14:00:17	5003ac1f-70eb-492b-a1f5-5dfecffe696f	GET	/notes	http://localhost:3000
20230321	14:00:33	857b945c-9933-4016-8a63-caf5d3973ed1	OPTIONS	/notes	http://localhost:3000
20230321	14:00:33	a4699b6a-a14b-4a01-ab93-1108866f543c	GET	/notes	http://localhost:3000
20230321	14:00:49	2291a14f-9a4d-41d4-ad36-17c083093363	OPTIONS	/notes	http://localhost:3000
20230321	14:00:49	b6f46fac-b129-423e-a393-608d66e64a14	GET	/notes	http://localhost:3000
20230321	14:01:05	d6a5303b-f16b-4452-9587-47cba778f269	OPTIONS	/notes	http://localhost:3000
20230321	14:01:05	b7e4e803-a72e-42a5-aea0-745032229035	GET	/notes	http://localhost:3000
20230321	14:01:21	198024a1-fcf7-4364-bad4-4616b991b5a7	OPTIONS	/notes	http://localhost:3000
20230321	14:01:21	4a7507eb-b1a2-4cfc-acfd-e6743b4e8577	GET	/notes	http://localhost:3000
20230321	14:01:37	f2e34681-74ce-45a2-b0bd-355a769ef8db	OPTIONS	/notes	http://localhost:3000
20230321	14:01:37	b23479f9-43a0-4df5-8487-90028894d848	GET	/notes	http://localhost:3000
20230321	14:01:53	c1a7f53e-433b-44a9-ba61-1cdef79bc93c	OPTIONS	/notes	http://localhost:3000
20230321	14:01:53	5a6500b8-4b7b-4f5e-9557-b007e4298820	GET	/notes	http://localhost:3000
20230321	14:02:09	6eb46773-22e0-4ae2-aa2e-552926ed1cb3	OPTIONS	/notes	http://localhost:3000
20230321	14:02:09	7cd78c71-8f19-4a79-b2fe-ef8f0025a6b5	GET	/notes	http://localhost:3000
20230321	14:02:25	8887f0ae-a96e-4a21-917c-9eda451415f8	OPTIONS	/notes	http://localhost:3000
20230321	14:02:25	d897c391-b979-4f3a-823b-1ca7701bf2ea	GET	/notes	http://localhost:3000
20230321	14:02:41	e8e31958-80c6-4e78-ab7f-5da58aff598b	OPTIONS	/notes	http://localhost:3000
20230321	14:02:41	869c112a-d118-4a6d-9abe-fcfa5d16027d	GET	/notes	http://localhost:3000
20230321	14:02:57	1233f6a8-a469-4b5a-8160-d6de3dfaef09	OPTIONS	/notes	http://localhost:3000
20230321	14:02:57	b249f50c-c41b-4626-8e49-17f263aaba4d	GET	/notes	http://localhost:3000
20230321	14:03:13	c9589539-7a1b-44a2-bb4f-dcd13a3f2544	OPTIONS	/notes	http://localhost:3000
20230321	14:03:13	a4550801-4700-48a9-9c7c-8462a4529988	GET	/notes	http://localhost:3000
20230321	14:03:29	8401d684-bd04-410e-b7d4-d4699e2d928e	OPTIONS	/notes	http://localhost:3000
20230321	14:03:29	d2eb1f5d-212c-41c7-8d9b-c62853090a54	GET	/notes	http://localhost:3000
20230321	14:03:45	11416809-400b-4aae-a3e4-dba815f02393	OPTIONS	/notes	http://localhost:3000
20230321	14:03:45	03e88ca8-0f01-43b3-a292-bb507363c8b6	GET	/notes	http://localhost:3000
20230321	14:04:01	a9dc571b-6a40-4a93-a1ae-23beaae65ef4	OPTIONS	/notes	http://localhost:3000
20230321	14:04:01	224dd23d-3d82-4b9f-aa5d-451a9bbb5137	GET	/notes	http://localhost:3000
20230321	14:04:17	0d1dcfef-9740-4771-94b9-cd9e7d369fbd	OPTIONS	/notes	http://localhost:3000
20230321	14:04:17	1c02868b-5962-4dcf-9879-e16e4eb3a08b	GET	/notes	http://localhost:3000
20230321	14:04:33	76f2f620-d4d0-4f23-a343-c59de56d12ac	OPTIONS	/notes	http://localhost:3000
20230321	14:04:33	19d037b8-b6de-4c28-a7cc-b1ce3016608f	GET	/notes	http://localhost:3000
20230321	14:04:49	fbfd0fca-ce66-404d-91ce-3bf695be2ed8	OPTIONS	/notes	http://localhost:3000
20230321	14:04:49	de28dd0c-bb0b-4c22-9097-b63dc33e9a25	GET	/notes	http://localhost:3000
20230321	14:05:05	eaad8e83-6a86-4fc2-9e5b-c6836b75627e	OPTIONS	/notes	http://localhost:3000
20230321	14:05:05	368467fd-4a2b-4d8f-a573-a09d14113f7b	GET	/notes	http://localhost:3000
20230321	14:05:21	8e3855cf-620e-4782-ad0f-5655df3a1e28	OPTIONS	/notes	http://localhost:3000
20230321	14:05:21	b0903b31-7232-40a4-88ae-a2cd8e58b26b	GET	/notes	http://localhost:3000
20230321	14:05:37	40677da1-f768-4959-938b-fd63c04c8b73	OPTIONS	/notes	http://localhost:3000
20230321	14:05:37	f9405c4b-afd8-435b-8867-6964af936ae6	GET	/notes	http://localhost:3000
20230321	14:05:53	cff58dc4-fb0d-45fe-b457-f02d95737fb5	OPTIONS	/notes	http://localhost:3000
20230321	14:05:53	ca0f2112-0264-4567-ab0d-28b35192cfed	GET	/notes	http://localhost:3000
20230321	14:06:09	ec90d5b9-85c4-4aa5-9684-bfa91af0daf7	OPTIONS	/notes	http://localhost:3000
20230321	14:06:09	8f1e25ce-5d13-4ad0-85f4-a95f974621b8	GET	/notes	http://localhost:3000
20230321	14:06:25	416ed006-42fd-40aa-94b6-249745724ec1	OPTIONS	/notes	http://localhost:3000
20230321	14:06:25	9f879253-b7b7-412f-867b-38d329c7f2ec	GET	/notes	http://localhost:3000
20230321	14:06:41	366f26eb-1725-4d7c-8a22-9223613c8169	OPTIONS	/notes	http://localhost:3000
20230321	14:06:41	75578f2a-360f-4a91-bdbf-72f8eaf3f1c8	GET	/notes	http://localhost:3000
20230321	14:06:57	10e04de2-eec7-42da-8cb8-b52ffbaf9373	OPTIONS	/notes	http://localhost:3000
20230321	14:06:57	4985a5eb-6b53-4246-b138-75edaa339168	GET	/notes	http://localhost:3000
20230321	14:07:13	c6f0e521-d8e1-4999-aaea-e31e27996e95	OPTIONS	/notes	http://localhost:3000
20230321	14:07:13	66c359f9-b110-412c-87e8-ae8aee876c3f	GET	/notes	http://localhost:3000
20230321	14:07:29	b778f5d1-e0fc-4a6e-9902-ff04db2ac2c1	OPTIONS	/notes	http://localhost:3000
20230321	14:07:29	524bebe1-a2af-4463-91fb-2180a3d27cb4	GET	/notes	http://localhost:3000
20230321	14:07:45	a5ae8482-0f75-4c0b-9a18-1016eae8e9de	OPTIONS	/notes	http://localhost:3000
20230321	14:07:45	1e0f6232-ddd2-4f98-9952-ebb3b3ac1b41	GET	/notes	http://localhost:3000
20230321	14:08:01	878f2c55-76ee-48e6-b1be-f19e050ec653	OPTIONS	/notes	http://localhost:3000
20230321	14:08:01	18baf92c-ee9b-41a4-a9fd-d56e791495ba	GET	/notes	http://localhost:3000
20230321	14:08:01	257037a9-331d-482f-9170-764e9cf71272	OPTIONS	/auth/refresh	http://localhost:3000
20230321	14:08:01	82c49a23-0d4a-40ee-b525-277045140930	GET	/auth/refresh	http://localhost:3000
20230321	14:08:01	227864f5-60f9-46a3-bf0f-632305e2d676	GET	/notes	http://localhost:3000
20230321	14:08:17	37156466-219b-40fb-9dd6-d71b484f3cb7	OPTIONS	/notes	http://localhost:3000
20230321	14:08:17	2d82e211-62bc-40ff-b543-d8aefde8081f	GET	/notes	http://localhost:3000
20230321	14:08:33	2006cf10-952a-47d5-b1c0-bf1949db4cc2	OPTIONS	/notes	http://localhost:3000
20230321	14:08:33	bec177d9-13e3-4f12-ba04-df17a29e9d36	GET	/notes	http://localhost:3000
20230321	14:08:49	ac7cefd7-16b7-4a54-9ef5-7adc20322356	OPTIONS	/notes	http://localhost:3000
20230321	14:08:49	837d9e91-cd69-4eec-bf35-d763002778fd	GET	/notes	http://localhost:3000
20230321	14:09:05	1181172f-1be3-43c8-8aa9-a0f104b70216	OPTIONS	/notes	http://localhost:3000
20230321	14:09:05	67d4cc05-8dba-4097-b941-c68a09e4fde1	GET	/notes	http://localhost:3000
20230321	14:09:21	7fd98982-04d0-46f1-b70a-6d8d3a5c1782	OPTIONS	/notes	http://localhost:3000
20230321	14:09:21	36688588-50e6-414b-99e9-e2c8c58953b8	GET	/notes	http://localhost:3000
20230321	14:09:37	123955f4-5e23-4eea-b227-086d36fd6d38	OPTIONS	/notes	http://localhost:3000
20230321	14:09:37	7ef281fa-8d9d-4567-990a-cf40e1914de5	GET	/notes	http://localhost:3000
20230321	14:09:53	258d40cf-b2bb-4c7a-98d8-2233c4b4dab1	OPTIONS	/notes	http://localhost:3000
20230321	14:09:53	9d7b9884-8613-4f23-a435-8895a414b589	GET	/notes	http://localhost:3000
20230321	14:10:09	5d3c2437-c9d9-4456-904c-e4a4a2e83acd	OPTIONS	/notes	http://localhost:3000
20230321	14:10:09	53550e6c-4776-4bc5-a78a-e3935c759903	GET	/notes	http://localhost:3000
20230321	14:10:25	b741bb67-c89a-4802-8d90-a4abafcf1b77	OPTIONS	/notes	http://localhost:3000
20230321	14:10:25	e16b893b-a3b9-42d5-a2e8-6d1d2b7b7473	GET	/notes	http://localhost:3000
20230321	14:10:41	149e8063-811c-4725-a6c6-dd221e1822c1	OPTIONS	/notes	http://localhost:3000
20230321	14:10:41	68eaba31-2f40-41e7-9eca-def1c676340f	GET	/notes	http://localhost:3000
20230321	14:10:57	499d158e-b745-42a8-b13b-21b375e0b9cc	OPTIONS	/notes	http://localhost:3000
20230321	14:10:57	7d72935e-126f-4605-97fd-abf0d6eea270	GET	/notes	http://localhost:3000
20230321	14:11:13	e5ae3701-330c-4fa1-b9fe-eb861f8c3462	OPTIONS	/notes	http://localhost:3000
20230321	14:11:13	1cca0d3d-4ee8-47e3-ae44-6c19bbd5dc84	GET	/notes	http://localhost:3000
20230321	14:11:29	32304949-06c0-40ff-976f-66477cac0725	OPTIONS	/notes	http://localhost:3000
20230321	14:11:29	ee1aae81-cd5e-4ab8-b712-15a9a99c4ffe	GET	/notes	http://localhost:3000
20230321	14:11:45	b4c9452e-d3f2-4f67-96a0-cc5389f3ecd3	OPTIONS	/notes	http://localhost:3000
20230321	14:11:45	31cc315f-256d-484d-a9a2-ea2da40ffb5d	GET	/notes	http://localhost:3000
20230321	14:12:01	687f70e3-0600-411d-84d6-d84340bd7d21	OPTIONS	/notes	http://localhost:3000
20230321	14:12:01	a7fd18a5-1cd3-4225-9846-2cc8cda20082	GET	/notes	http://localhost:3000
20230321	14:12:17	6ce78858-f11a-43f9-8de2-52e34b2a17fc	OPTIONS	/notes	http://localhost:3000
20230321	14:12:17	43661e0c-09e4-4e01-a02e-f4d94aeaf776	GET	/notes	http://localhost:3000
20230321	14:12:33	54296a8c-288b-49eb-a392-6e1bca652afd	OPTIONS	/notes	http://localhost:3000
20230321	14:12:33	7a4c2356-775e-488f-96ed-de27eff63742	GET	/notes	http://localhost:3000
20230321	14:12:49	22ee6cd2-2a9c-4654-bf96-9aff958ce6e8	OPTIONS	/notes	http://localhost:3000
20230321	14:12:49	e78ee905-a8e9-47f4-b6c5-33b9a8bb9a81	GET	/notes	http://localhost:3000
20230321	14:13:05	b3917429-357f-4671-b02a-281a40a53965	OPTIONS	/notes	http://localhost:3000
20230321	14:13:05	5f5ae636-6352-4f39-9340-f98c3056d644	GET	/notes	http://localhost:3000
20230321	14:13:21	6e38d0fe-589f-42a2-b32b-2c3beac3d8e6	OPTIONS	/notes	http://localhost:3000
20230321	14:13:21	de973c1f-5448-4410-93bd-90a5954d8074	GET	/notes	http://localhost:3000
20230321	14:13:37	a1e4ca29-4c6b-419f-812c-b9dbf4bd3069	OPTIONS	/notes	http://localhost:3000
20230321	14:13:37	fc3c0f42-b781-45ea-9985-e0a255e2e020	GET	/notes	http://localhost:3000
20230321	14:13:53	3d8afc78-9716-4788-9224-d1e0bd3dc9d3	OPTIONS	/notes	http://localhost:3000
20230321	14:13:53	564c8755-7ed8-4848-a71b-8c1a0ce45305	GET	/notes	http://localhost:3000
20230321	14:14:09	47a33ab0-44ec-4ec2-a7d5-e4ff530e7639	OPTIONS	/notes	http://localhost:3000
20230321	14:14:09	e692d27e-41ea-4f31-ab32-53f0a832dc87	GET	/notes	http://localhost:3000
20230321	14:14:25	572586c7-c05b-4c8a-b505-6b79167bfbf3	OPTIONS	/notes	http://localhost:3000
20230321	14:14:25	b407ee05-17f3-4563-a46d-d833c77a9319	GET	/notes	http://localhost:3000
20230321	14:14:41	19920be8-4fdb-47c6-beb1-f790f8c5a410	OPTIONS	/notes	http://localhost:3000
20230321	14:14:41	988f65e1-a051-4299-aedb-1abb9543ecd5	GET	/notes	http://localhost:3000
20230321	14:14:57	26cbe34c-85a0-4218-a7a1-ba3a8f878b03	OPTIONS	/notes	http://localhost:3000
20230321	14:14:57	67810072-0325-4099-8ce4-7239b1ffe02f	GET	/notes	http://localhost:3000
20230321	14:15:13	c89156e3-0e47-4033-ba52-6c669eba858c	OPTIONS	/notes	http://localhost:3000
20230321	14:15:13	90d72a58-c393-4f01-abcb-e1b527bcff6f	GET	/notes	http://localhost:3000
20230321	14:15:29	4baef958-007a-47be-885b-8909df3890fc	OPTIONS	/notes	http://localhost:3000
20230321	14:15:29	5c231470-85b2-4c73-b25f-284d68842562	GET	/notes	http://localhost:3000
20230321	14:15:45	38cb6da6-855d-4ef5-a758-dc3bfd6aa25b	OPTIONS	/notes	http://localhost:3000
20230321	14:15:45	71d8cfa6-8e77-4271-a633-a5c318318652	GET	/notes	http://localhost:3000
20230321	14:16:01	0a3d6059-2347-467e-a801-819baeb58fe1	OPTIONS	/notes	http://localhost:3000
20230321	14:16:01	5d39432b-585a-4b9e-9e55-4b0eae8820df	GET	/notes	http://localhost:3000
20230321	14:16:17	1c711154-4810-4a67-b176-7f0ad51011da	OPTIONS	/notes	http://localhost:3000
20230321	14:16:17	326b0a27-9702-43b3-a4e3-369aa00d9421	GET	/notes	http://localhost:3000
20230321	14:16:33	6d251289-91d4-46ed-9aaa-c24350e08ce8	OPTIONS	/notes	http://localhost:3000
20230321	14:16:33	ad3d3d61-2f05-4f78-a939-efbc07a47a31	GET	/notes	http://localhost:3000
20230321	14:16:49	43e2f24f-b2d1-4e8d-b2cf-d0f41323040f	OPTIONS	/notes	http://localhost:3000
20230321	14:16:49	3b4b2989-bbb6-4fbb-943e-ed77f583737c	GET	/notes	http://localhost:3000
20230321	14:17:05	1c9e5181-900d-451d-9e02-1794d44ed822	OPTIONS	/notes	http://localhost:3000
20230321	14:17:05	f5bb3bd1-21a2-4122-84ea-c6aa35e55c91	GET	/notes	http://localhost:3000
20230321	14:17:21	a8643bd7-206a-44fd-bd24-2eb10d561cf0	OPTIONS	/notes	http://localhost:3000
20230321	14:17:21	bf1967cf-5724-4597-b2ff-79779e4162d5	GET	/notes	http://localhost:3000
20230321	14:17:37	467f170f-4f0e-46d7-8ec3-4662a7703cf2	OPTIONS	/notes	http://localhost:3000
20230321	14:17:37	24f87c65-d590-44f7-aa9e-f6afb95d45bf	GET	/notes	http://localhost:3000
20230321	14:17:53	8ed1af27-3eff-4788-8452-f45a7ce761e5	OPTIONS	/notes	http://localhost:3000
20230321	14:17:53	09bc91d7-a116-4a95-95de-8e0cbac1361b	GET	/notes	http://localhost:3000
20230321	14:18:09	1c646245-cd33-4835-bc3a-6dfd2adce5b6	OPTIONS	/notes	http://localhost:3000
20230321	14:18:09	f538f8e5-10cf-4182-9bb3-309505de3ffa	GET	/notes	http://localhost:3000
20230321	14:18:25	8d47e5ec-0e93-4213-b856-b08bde845442	OPTIONS	/notes	http://localhost:3000
20230321	14:18:25	e7f0c175-efcb-42fb-bc6e-0a5e25152cc3	GET	/notes	http://localhost:3000
20230321	14:18:41	c73e0065-62f9-4f1f-a623-f9813e5a4cce	OPTIONS	/notes	http://localhost:3000
20230321	14:18:41	1b2d48eb-68fd-435d-bb4c-39a8aaa061d5	GET	/notes	http://localhost:3000
20230321	14:18:57	a2934702-ae4d-4564-b452-552793222b76	OPTIONS	/notes	http://localhost:3000
20230321	14:18:57	11eea037-e56a-4946-9ad1-19d5d1dfbe1f	GET	/notes	http://localhost:3000
20230321	14:19:13	3a20da74-1e64-4f0f-a206-638b75519fca	OPTIONS	/notes	http://localhost:3000
20230321	14:19:13	294630c1-aef7-4016-aab0-362f3dc03338	GET	/notes	http://localhost:3000
20230321	14:19:29	cf63c5c7-ccde-4838-b898-6f93b19ce9cb	OPTIONS	/notes	http://localhost:3000
20230321	14:19:29	d7353eda-20d8-4846-8332-f6999d9471bd	GET	/notes	http://localhost:3000
20230321	14:19:45	d2ec3c14-230a-4be3-821e-ff137d3ee332	OPTIONS	/notes	http://localhost:3000
20230321	14:19:45	4914d038-a900-4344-a3d5-e7b00b96ffda	GET	/notes	http://localhost:3000
20230321	14:20:01	dc9ae02d-4d09-4663-a430-261833f1fff1	OPTIONS	/notes	http://localhost:3000
20230321	14:20:01	b23b26a4-68b1-448c-9bb5-1c49755624b8	GET	/notes	http://localhost:3000
20230321	14:20:17	e078fdc5-631d-402b-b3b9-6817bd01a454	OPTIONS	/notes	http://localhost:3000
20230321	14:20:17	af613df7-de79-46c6-8fb7-5553f5ff936e	GET	/notes	http://localhost:3000
20230321	14:20:33	bffd62a6-300f-43a7-b2ad-87a4f76c3020	OPTIONS	/notes	http://localhost:3000
20230321	14:20:33	fcecdb29-47f8-4b2f-819a-fe969ea156a6	GET	/notes	http://localhost:3000
20230321	14:20:49	70e21793-6643-44e4-a768-5963d3428fc8	OPTIONS	/notes	http://localhost:3000
20230321	14:20:49	a5599ace-6267-4b8b-a37b-106b69fffecc	GET	/notes	http://localhost:3000
20230321	14:21:05	20ad70c6-22d6-4cae-bc60-4fdbdcf56626	OPTIONS	/notes	http://localhost:3000
20230321	14:21:05	ef769f95-11d7-4dc4-9818-dca204053a28	GET	/notes	http://localhost:3000
20230321	14:21:21	5ca7e4e7-72bc-4c58-ae9a-34630c27f31f	OPTIONS	/notes	http://localhost:3000
20230321	14:21:21	6b684dd6-a351-4e0e-a717-be8b04de67b0	GET	/notes	http://localhost:3000
20230321	14:21:37	da2363e7-50b5-489f-8c4d-da436b72d76d	OPTIONS	/notes	http://localhost:3000
20230321	14:21:37	70b66911-3822-4ed3-ad62-30043d9a2af0	GET	/notes	http://localhost:3000
20230321	14:21:53	ff131afa-4193-4ca7-b178-b9595d4554dd	OPTIONS	/notes	http://localhost:3000
20230321	14:21:53	7e79336e-05c4-467d-b556-acf8d08f83bb	GET	/notes	http://localhost:3000
20230321	14:22:09	717affa0-2f23-44b6-8c4b-2812db9b5bb9	OPTIONS	/notes	http://localhost:3000
20230321	14:22:09	71269368-6557-461f-817d-d963a0b7e552	GET	/notes	http://localhost:3000
20230321	14:22:25	3e41fa47-e5d4-45c5-ae8b-06e9a960caf5	OPTIONS	/notes	http://localhost:3000
20230321	14:22:25	917fdd5f-d614-4867-a0b4-745d13caa27a	GET	/notes	http://localhost:3000
20230321	14:22:41	4577a036-225e-4fd6-8ae6-1efadb5179fe	OPTIONS	/notes	http://localhost:3000
20230321	14:22:41	f3cadf57-f6bf-4f99-8b71-b559c9e938ea	GET	/notes	http://localhost:3000
20230321	14:22:57	6f55a3b5-8c5e-4b56-84ff-eaa7c3b1aab2	OPTIONS	/notes	http://localhost:3000
20230321	14:22:57	26106bf1-c87f-4b4d-9106-880dbd2533b8	GET	/notes	http://localhost:3000
20230321	14:23:13	352819b6-5be8-4b22-81c2-376455dd215a	OPTIONS	/notes	http://localhost:3000
20230321	14:23:13	4e9e120d-1c2c-4ca4-a553-ca7d922162ce	GET	/notes	http://localhost:3000
20230321	14:23:13	ec69d0b8-974b-4710-8d1e-a63b2873f50c	OPTIONS	/auth/refresh	http://localhost:3000
20230321	14:23:13	59a64a86-aa41-4f4b-aca6-3c6193e06a85	GET	/auth/refresh	http://localhost:3000
20230321	14:23:13	990af9a2-fde1-4b19-8915-2db2478bf74e	GET	/notes	http://localhost:3000
20230321	14:23:29	0442a96e-f32d-4b0c-95d4-2ee1b79f9f84	OPTIONS	/notes	http://localhost:3000
20230321	14:23:29	a6a043fa-b53b-4ddc-b39a-1a970755aada	GET	/notes	http://localhost:3000
20230321	14:23:45	850b57da-296f-4216-91ab-b9a64c81384b	OPTIONS	/notes	http://localhost:3000
20230321	14:23:45	f2c0c90f-41f0-42c7-9c91-54fda74e0aed	GET	/notes	http://localhost:3000
20230321	14:24:01	9f7ab1ae-794c-4769-b7d2-134281c97487	OPTIONS	/notes	http://localhost:3000
20230321	14:24:01	393a39f4-5c6a-4057-8486-bf8f04e56d57	GET	/notes	http://localhost:3000
20230321	14:24:17	c2109501-937b-483d-bdb9-38197a62fad8	OPTIONS	/notes	http://localhost:3000
20230321	14:24:17	5ccbdf1b-598f-4338-8dab-119f7102e3bc	GET	/notes	http://localhost:3000
20230321	14:24:33	d3e223d2-be4d-4fed-9e56-ba1fe33ba175	OPTIONS	/notes	http://localhost:3000
20230321	14:24:33	940d5dab-4b67-4abd-9c66-2c02845aa884	GET	/notes	http://localhost:3000
20230321	14:24:49	570b54a2-429d-4d23-850f-89d14304e177	OPTIONS	/notes	http://localhost:3000
20230321	14:24:49	c4793561-8cc7-4a8e-8f9b-cac6b9bad68c	GET	/notes	http://localhost:3000
20230321	14:25:05	9084af32-d901-4fa2-a093-4d1afd22c469	OPTIONS	/notes	http://localhost:3000
20230321	14:25:05	d9473ba6-3bef-4ce8-9693-4023d9e4d126	GET	/notes	http://localhost:3000
20230321	14:25:21	bbb61aa7-b152-46f4-ab7e-bf2531260023	OPTIONS	/notes	http://localhost:3000
20230321	14:25:21	b47f7a6f-2e38-45ac-b7f1-5f65ad54a661	GET	/notes	http://localhost:3000
20230321	14:25:37	5dfb8eda-aa59-4363-a534-76e57cb4c3b2	OPTIONS	/notes	http://localhost:3000
20230321	14:25:37	c649433c-c4b7-4697-b3d4-691b3dda763c	GET	/notes	http://localhost:3000
20230321	14:25:53	b8892d22-b732-4e75-ae1b-4044a0839f84	OPTIONS	/notes	http://localhost:3000
20230321	14:25:53	b36acb9f-9dec-4090-be60-eabc66c6440e	GET	/notes	http://localhost:3000
20230321	14:26:09	facfe82f-da8a-4336-833f-ee1c412c7663	OPTIONS	/notes	http://localhost:3000
20230321	14:26:09	7467320b-847f-4c3b-bb1e-7c26ed622cec	GET	/notes	http://localhost:3000
20230321	14:26:25	490f7b05-5ed6-4c08-a5b0-0d56efc471bc	OPTIONS	/notes	http://localhost:3000
20230321	14:26:25	119b7bdc-a462-486c-adbf-c57a81c53630	GET	/notes	http://localhost:3000
20230321	14:26:41	0ebb3561-91cc-42d8-af6b-2aa82b2aef91	OPTIONS	/notes	http://localhost:3000
20230321	14:26:41	fb637928-7ed1-4786-a6b1-228388576eeb	GET	/notes	http://localhost:3000
20230321	14:26:57	8e53baec-0b53-468d-9a63-66088c0e37cb	OPTIONS	/notes	http://localhost:3000
20230321	14:26:57	84ff0c10-f111-448a-8031-380949cdf441	GET	/notes	http://localhost:3000
20230321	14:27:13	1a32cb9b-97f9-42c2-83cf-02bf076a0a71	OPTIONS	/notes	http://localhost:3000
20230321	14:27:13	cd8a118a-2811-47cd-830f-774c804013d4	GET	/notes	http://localhost:3000
20230321	14:27:29	1a6579f1-70b6-4dac-a8b9-649ab6acec87	OPTIONS	/notes	http://localhost:3000
20230321	14:27:29	790ec926-fa9c-4887-a806-de04f1e80b89	GET	/notes	http://localhost:3000
20230321	14:27:45	6a56b115-1c6b-4bdc-9b50-201c1426fd57	OPTIONS	/notes	http://localhost:3000
20230321	14:27:45	eca00243-c0dd-431c-abcc-49b49f2de02e	GET	/notes	http://localhost:3000
20230321	14:28:01	4217b4ff-474b-40e0-89c8-9ee9645b72ef	OPTIONS	/notes	http://localhost:3000
20230321	14:28:01	12aa1488-9f26-41e9-a0c0-c6e27e6d48c3	GET	/notes	http://localhost:3000
20230321	14:28:17	71b60d09-fdb4-4e8e-9d1f-74d89655256f	OPTIONS	/notes	http://localhost:3000
20230321	14:28:17	d247562b-377a-406f-8736-fc87613debcd	GET	/notes	http://localhost:3000
20230321	14:28:33	078ceebe-40ae-4f2b-8a21-b21436e9d443	OPTIONS	/notes	http://localhost:3000
20230321	14:28:33	db7c4da3-aa91-4e60-892a-624cb32cf2d6	GET	/notes	http://localhost:3000
20230321	14:28:49	4e4e1779-e505-4d17-ae16-8f46d1992e6f	OPTIONS	/notes	http://localhost:3000
20230321	14:28:49	80193dae-e5cf-4493-8f5a-cf999a44584c	GET	/notes	http://localhost:3000
20230321	14:29:05	a2f7e2f9-7239-447a-a6d4-b0f13f1b98d0	OPTIONS	/notes	http://localhost:3000
20230321	14:29:05	19cd834e-d4ca-40e5-a649-cdfe0ddb3d67	GET	/notes	http://localhost:3000
20230321	14:29:21	603edf87-ca40-4382-82e7-530e635c2527	OPTIONS	/notes	http://localhost:3000
20230321	14:29:21	9a5d47c4-a6dc-48e5-9b23-27a5481c6763	GET	/notes	http://localhost:3000
20230321	14:29:37	1083aa25-4a3e-4452-a01c-ef9794946daa	OPTIONS	/notes	http://localhost:3000
20230321	14:29:37	25ed5a50-043f-4e63-bedd-89eb3557b9b3	GET	/notes	http://localhost:3000
20230321	14:29:53	f7a46b43-c8e2-4321-9137-36af86d3c0a2	OPTIONS	/notes	http://localhost:3000
20230321	14:29:53	a19b4b84-ceaf-4b51-85c8-01298b059c94	GET	/notes	http://localhost:3000
20230321	14:30:09	6fe41a05-50dd-4aed-9b3e-aad1f372c470	OPTIONS	/notes	http://localhost:3000
20230321	14:30:09	cee9064d-1154-4d79-873b-0a675ba41d53	GET	/notes	http://localhost:3000
20230321	14:30:25	5d9ea53b-e96b-432c-9f1b-b48d30918ca4	OPTIONS	/notes	http://localhost:3000
20230321	14:30:25	0b9814bf-d343-4a8e-9572-57754635a74f	GET	/notes	http://localhost:3000
20230321	14:30:41	ee9ddc8a-581d-4394-888d-8a5286dad29d	OPTIONS	/notes	http://localhost:3000
20230321	14:30:41	c5937f2c-661f-4081-be27-2ac412f6ee52	GET	/notes	http://localhost:3000
20230321	14:30:57	cce56c6c-7918-4b78-82da-09e110bc54a5	OPTIONS	/notes	http://localhost:3000
20230321	14:30:57	10b8bd62-ae92-4725-bb15-57e1409997b6	GET	/notes	http://localhost:3000
20230321	14:31:13	a91934a2-ec0e-4a3e-938d-ad7611fe8aa4	OPTIONS	/notes	http://localhost:3000
20230321	14:31:13	03572bcc-da0a-46df-9199-b5cfa26d4514	GET	/notes	http://localhost:3000
20230321	14:31:29	d99b3c45-c58a-47ad-abbd-2bf46287a36b	OPTIONS	/notes	http://localhost:3000
20230321	14:31:29	deb73753-4680-43e4-a7d6-e5672a1e5755	GET	/notes	http://localhost:3000
20230321	14:31:45	0faf8f11-06a4-4bf6-aa4b-0132b4f60bfe	OPTIONS	/notes	http://localhost:3000
20230321	14:31:45	4d75f38b-8ee5-41ac-a4a6-a82752dd5c66	GET	/notes	http://localhost:3000
20230321	14:32:01	299bd0ee-0b5a-43b3-9280-1d5d4bacc2b8	OPTIONS	/notes	http://localhost:3000
20230321	14:32:01	0b06a733-841e-49cf-89b4-5d1106c5dd60	GET	/notes	http://localhost:3000
20230321	14:32:17	d06ab54c-3148-4ef5-b508-f91c263be7a1	OPTIONS	/notes	http://localhost:3000
20230321	14:32:17	0f2f839e-3a75-4bd8-b4cb-c0b10649694b	GET	/notes	http://localhost:3000
20230321	14:32:33	d54ca288-163c-43eb-9ee2-cd0d42fc0f73	OPTIONS	/notes	http://localhost:3000
20230321	14:32:33	079f5b25-8b32-48b7-a549-3b13b39033b1	GET	/notes	http://localhost:3000
20230321	14:32:49	b0be203b-1ba5-4bf2-aac2-b3825df07377	OPTIONS	/notes	http://localhost:3000
20230321	14:32:49	be2e4397-69ba-4927-8653-4a4a0afbf05c	GET	/notes	http://localhost:3000
20230321	14:33:05	b65982f6-f87c-497a-b827-28b33841266b	OPTIONS	/notes	http://localhost:3000
20230321	14:33:05	f9f28669-961c-4df7-8047-51b2d239e2f6	GET	/notes	http://localhost:3000
20230321	14:33:21	0c22265a-7180-4767-90d7-03a137a2229c	OPTIONS	/notes	http://localhost:3000
20230321	14:33:21	e2398a57-7a77-4e60-9393-d0f87f31014e	GET	/notes	http://localhost:3000
20230321	14:33:37	b12e47af-9510-4617-bcd5-89cd3ce5280c	OPTIONS	/notes	http://localhost:3000
20230321	14:33:37	948a8ee7-4545-4c9c-bcda-aa5cf4a7f2ba	GET	/notes	http://localhost:3000
20230321	14:33:53	bdc46bf3-7fd4-45bc-a6ba-a3ff1370b866	OPTIONS	/notes	http://localhost:3000
20230321	14:33:53	3a15cb80-2c0b-4409-8531-b3a830bae97d	GET	/notes	http://localhost:3000
20230321	14:34:09	30d50182-87d6-4769-ad0e-97b9aaca5e32	OPTIONS	/notes	http://localhost:3000
20230321	14:34:09	49e15577-2e38-473b-a1a5-54d40c7aefa3	GET	/notes	http://localhost:3000
20230321	14:34:25	c8b7a565-d8ff-4d0a-9fb4-799e7dd872c7	OPTIONS	/notes	http://localhost:3000
20230321	14:34:25	7dddbe12-c700-43ac-93bf-adb6e97303a3	GET	/notes	http://localhost:3000
20230321	14:34:41	4560a012-026d-4774-b668-e5ebd51f48e3	OPTIONS	/notes	http://localhost:3000
20230321	14:34:41	6b6116af-971a-46e2-8d13-5ada9fc81289	GET	/notes	http://localhost:3000
20230321	14:34:57	edf04447-f153-42d3-85a4-aece3a68a0fa	OPTIONS	/notes	http://localhost:3000
20230321	14:34:57	cf5f65af-f017-4ba3-aed6-8efb733d120f	GET	/notes	http://localhost:3000
20230321	14:35:13	ca58c7f9-9ed9-4134-b432-7ccda7023913	OPTIONS	/notes	http://localhost:3000
20230321	14:35:13	7a5a81c2-856d-46f6-bc6a-7a1e5356d32c	GET	/notes	http://localhost:3000
20230321	14:35:29	388efc8a-e18c-4e86-9e8b-724f1285c888	OPTIONS	/notes	http://localhost:3000
20230321	14:35:29	769a3a51-58a1-46cc-a208-a0e9fc1f9c65	GET	/notes	http://localhost:3000
20230321	14:35:45	06de1740-1855-4e86-a3f2-63d5a9f8394a	OPTIONS	/notes	http://localhost:3000
20230321	14:35:45	054a28c2-0820-4553-891e-934a5c729e40	GET	/notes	http://localhost:3000
20230321	14:36:01	6e299dcc-455f-4640-92a8-caf321529e9a	OPTIONS	/notes	http://localhost:3000
20230321	14:36:01	8462bab5-c834-42c9-96b4-1c80481f7f2c	GET	/notes	http://localhost:3000
20230321	14:36:17	57b990f1-276e-4574-b7e1-cfb6bdce9c34	OPTIONS	/notes	http://localhost:3000
20230321	14:36:17	1796b11e-1b94-4b5d-9a08-104b7af0b32d	GET	/notes	http://localhost:3000
20230321	14:36:33	d3d557d8-bab0-4223-ade3-fef1da04f0dc	OPTIONS	/notes	http://localhost:3000
20230321	14:36:33	c2e5664e-6231-4a0b-8f94-ed6aa8099c55	GET	/notes	http://localhost:3000
20230321	14:36:49	26f563a6-afe8-4ce5-a0b3-af070612c3df	OPTIONS	/notes	http://localhost:3000
20230321	14:36:49	cbdefee9-04ae-4bac-a137-561b4b6f1876	GET	/notes	http://localhost:3000
20230321	14:37:05	bb5d776b-29a0-4705-b4d6-b9b8da6f6d91	OPTIONS	/notes	http://localhost:3000
20230321	14:37:05	88cc4b93-52b9-45ba-a452-2d75ebea6525	GET	/notes	http://localhost:3000
20230321	14:37:21	577b8a72-968a-4ed3-a440-8949528b64c8	OPTIONS	/notes	http://localhost:3000
20230321	14:37:21	635de3ed-e37c-44d1-abd4-6a0585bbca2a	GET	/notes	http://localhost:3000
20230321	14:37:37	7e45ee2d-9f4d-4b0d-b87f-02ff6ae8a662	OPTIONS	/notes	http://localhost:3000
20230321	14:37:37	97102634-6b6d-4439-9b9a-0f9106f8ae1b	GET	/notes	http://localhost:3000
20230321	14:37:53	ee2fbba5-4a42-43f9-afb9-75a0d5f699ee	OPTIONS	/notes	http://localhost:3000
20230321	14:37:53	fa4a48e9-4ead-435f-ae23-c74af1ab6ee5	GET	/notes	http://localhost:3000
20230321	14:38:09	6587bbc3-2e7f-42a8-998a-d709dfbd0f6b	OPTIONS	/notes	http://localhost:3000
20230321	14:38:09	d87d8f54-23f3-49af-900b-ca8734a2f357	GET	/notes	http://localhost:3000
20230321	14:38:25	aa30b1a4-0522-42dd-a53d-08bb2b04da77	OPTIONS	/notes	http://localhost:3000
20230321	14:38:25	c6914fce-a537-4e7a-9613-b4f959f5c131	GET	/notes	http://localhost:3000
20230321	14:38:25	a8fed112-d66f-43eb-b66d-15a154af7a61	OPTIONS	/auth/refresh	http://localhost:3000
20230321	14:38:25	497a556f-3d8f-41cb-a874-812373867c53	GET	/auth/refresh	http://localhost:3000
20230321	14:38:25	16bc6731-962f-4d43-bbce-371b912908af	GET	/notes	http://localhost:3000
20230321	14:38:41	1eab42c8-adbb-43a8-b27c-4fef11260ec1	OPTIONS	/notes	http://localhost:3000
20230321	14:38:41	ff101f8a-88bb-4739-8933-81dd93c82874	GET	/notes	http://localhost:3000
20230321	14:38:57	a4a30912-da7a-49d2-9ac2-3bf9b8ed9239	OPTIONS	/notes	http://localhost:3000
20230321	14:38:57	a9f2a538-2aa7-488c-9487-f454cf1c29d5	GET	/notes	http://localhost:3000
20230321	14:39:13	00430663-6f31-45a6-beb7-b47df23d78fa	OPTIONS	/notes	http://localhost:3000
20230321	14:39:13	dc50a67a-1759-42f8-8840-0e72e03c6814	GET	/notes	http://localhost:3000
20230321	14:39:29	c4e7ba3c-8949-4675-b262-927ed2b24077	OPTIONS	/notes	http://localhost:3000
20230321	14:39:29	0eddf26e-1fce-4634-a6ee-6abea53cc1ff	GET	/notes	http://localhost:3000
20230321	14:39:45	0c1420ae-d18d-4624-bd2a-2893ca264b26	OPTIONS	/notes	http://localhost:3000
20230321	14:39:45	23f60553-7cc8-4641-83cb-6180665307f6	GET	/notes	http://localhost:3000
20230321	14:40:01	c1ef15ae-fe1a-4bec-8b12-bb5045ea429c	OPTIONS	/notes	http://localhost:3000
20230321	14:40:01	ce8dfaf1-eca5-4213-84f0-cddc62e3e3dc	GET	/notes	http://localhost:3000
20230321	14:40:17	7b03d627-37ea-4b50-a55b-7d19c3dc459b	OPTIONS	/notes	http://localhost:3000
20230321	14:40:17	5427ae72-41ad-4cf9-aa0a-11eb72f551a4	GET	/notes	http://localhost:3000
20230321	14:40:33	cbc63638-05e1-45b2-b764-e166a24ea49d	OPTIONS	/notes	http://localhost:3000
20230321	14:40:33	25042183-d2ff-45e1-a5d5-e22da9147e6b	GET	/notes	http://localhost:3000
20230321	14:40:49	6f34fdd8-b724-4965-8147-dfa2860f4d49	OPTIONS	/notes	http://localhost:3000
20230321	14:40:49	ebf0b6ec-eff9-4c34-b938-7c2cb80e60d2	GET	/notes	http://localhost:3000
20230321	14:41:05	4eee12ba-36a4-407e-abaf-0ad8eceb50ef	OPTIONS	/notes	http://localhost:3000
20230321	14:41:05	85f86f52-6777-42c3-9492-18169667c26e	GET	/notes	http://localhost:3000
20230321	14:41:21	3aa253d4-47ae-40d3-8f1a-f64e1d9b4ef6	OPTIONS	/notes	http://localhost:3000
20230321	14:41:21	3b9501c1-f537-4c8e-8092-0bb3d3ceecd9	GET	/notes	http://localhost:3000
20230321	14:41:38	66d2cc96-0204-4583-ab61-9af17900b2a3	OPTIONS	/notes	http://localhost:3000
20230321	14:41:38	f2c9e138-2a20-47b4-9b8b-f664e26bef34	GET	/notes	http://localhost:3000
20230321	14:41:54	51254b8b-b197-4d76-ba67-f695538191cd	OPTIONS	/notes	http://localhost:3000
20230321	14:41:54	de40c899-fb9b-4b32-980c-57eb6dc26269	GET	/notes	http://localhost:3000
20230321	14:42:11	2de03557-054c-45b5-a36c-5c5ec7c7e7e3	OPTIONS	/notes	http://localhost:3000
20230321	14:42:11	06891d6c-3e48-4435-a5ea-a0652d7ab68e	GET	/notes	http://localhost:3000
20230321	14:42:27	6b552d31-f657-45a3-b03b-58ca36e4277f	OPTIONS	/notes	http://localhost:3000
20230321	14:42:27	e95c044c-7604-44e9-82eb-ccb436acccdb	GET	/notes	http://localhost:3000
20230321	14:42:43	21c96305-d169-4641-806b-317245f0615c	OPTIONS	/notes	http://localhost:3000
20230321	14:42:43	ddffb4ad-8e1e-4e07-b3bd-1ebf6d96e104	GET	/notes	http://localhost:3000
20230321	14:42:59	21fa5b55-b26f-46bb-80e5-c4a54175cfe2	OPTIONS	/notes	http://localhost:3000
20230321	14:42:59	0d1a7e32-e940-4473-a2dd-32fa26d670e0	GET	/notes	http://localhost:3000
20230321	14:43:15	86f009dc-c72d-404c-a482-5c25ff1143f4	OPTIONS	/notes	http://localhost:3000
20230321	14:43:15	e3598a36-8d75-4f7b-b96d-0ad3f5f9e1ad	GET	/notes	http://localhost:3000
20230321	14:43:31	d2eeab62-71a4-46fd-b0c7-5270668f9030	OPTIONS	/notes	http://localhost:3000
20230321	14:43:31	56e8027c-28e6-4b48-a986-6b346a4a8bcc	GET	/notes	http://localhost:3000
20230321	14:43:47	c770aaea-7612-42c9-b06a-a5530a522832	OPTIONS	/notes	http://localhost:3000
20230321	14:43:47	98f1c8da-9ab1-4b4d-b6b0-b86d2ee58446	GET	/notes	http://localhost:3000
20230321	14:44:03	136254cf-1482-422f-a8d4-4672a2cc40a6	OPTIONS	/notes	http://localhost:3000
20230321	14:44:03	ccaa46e4-f7be-44ca-9487-f266715e75aa	GET	/notes	http://localhost:3000
20230321	14:44:19	66d6491a-7076-4654-960a-0f09ab167c70	OPTIONS	/notes	http://localhost:3000
20230321	14:44:19	4dc646c3-b713-43e8-93e1-088053c3f43b	GET	/notes	http://localhost:3000
20230321	14:44:35	1f71d31a-a834-485d-8774-cd73c8ed8a7d	OPTIONS	/notes	http://localhost:3000
20230321	14:44:35	22936b1c-bb9e-44a7-b9ee-be0fc5028908	GET	/notes	http://localhost:3000
20230321	14:44:51	70863fd4-8db3-4e3c-bee8-8d5330eb49eb	OPTIONS	/notes	http://localhost:3000
20230321	14:44:51	9db2e40b-2a81-4051-99a3-a6544c9943ae	GET	/notes	http://localhost:3000
20230321	14:45:07	55630821-e58d-4f82-9d56-e40993e0386d	OPTIONS	/notes	http://localhost:3000
20230321	14:45:07	fad0a3ab-e03f-43f4-b000-059dd4ab8bc3	GET	/notes	http://localhost:3000
20230321	14:45:23	1b79d4b3-efe6-49d3-aa06-75ab5719bc6d	OPTIONS	/notes	http://localhost:3000
20230321	14:45:23	2946bed0-4a44-48eb-86e4-1c8fefaa0733	GET	/notes	http://localhost:3000
20230321	14:45:39	3902726d-91a7-4b28-844a-278a4200f7ce	OPTIONS	/notes	http://localhost:3000
20230321	14:45:39	fea7593f-05cd-45a8-937e-ba68494fd620	GET	/notes	http://localhost:3000
20230321	14:45:55	d86e5a82-f7e1-41e9-8eae-0b9e35df3690	OPTIONS	/notes	http://localhost:3000
20230321	14:45:55	f529f631-928b-430f-8d50-0973486dc0e3	GET	/notes	http://localhost:3000
20230321	14:46:11	0e463785-90da-446a-9450-acad61777ca6	OPTIONS	/notes	http://localhost:3000
20230321	14:46:11	db918543-157d-47a0-b9ca-35da2ce58497	GET	/notes	http://localhost:3000
20230321	14:46:27	be6f8f71-98cb-4b0f-988b-ea756445d9e1	OPTIONS	/notes	http://localhost:3000
20230321	14:46:27	0b09b485-56d0-4fe7-9d8d-9ed41f8d678f	GET	/notes	http://localhost:3000
20230321	14:46:43	a0db9783-ef85-4b96-bdf2-1242dddeedd3	OPTIONS	/notes	http://localhost:3000
20230321	14:46:43	517083b8-8f1a-4c92-9a29-a15cdb7857ad	GET	/notes	http://localhost:3000
20230321	14:46:59	73d9db93-853f-401c-9fa9-843a10b81da5	OPTIONS	/notes	http://localhost:3000
20230321	14:46:59	a615996e-22f3-4542-9fb0-f2852c487326	GET	/notes	http://localhost:3000
20230321	14:47:17	f6f81e3b-e685-47c4-bbd8-5aabe98ad0b4	OPTIONS	/notes	http://localhost:3000
20230321	14:47:17	b21f3167-e176-4be3-a21a-128e6b2f2c1a	GET	/notes	http://localhost:3000
20230321	14:47:33	77b437d0-0883-4a2a-8672-840abdbc54b7	OPTIONS	/notes	http://localhost:3000
20230321	14:47:33	3379ede1-bf2f-4253-92c3-f58968c83c20	GET	/notes	http://localhost:3000
20230321	14:47:49	ae6a2c48-e05c-4a9e-8571-e6ea957eeba6	OPTIONS	/notes	http://localhost:3000
20230321	14:47:49	2fad7f74-95d6-4173-8d5e-6f43040eb6cc	GET	/notes	http://localhost:3000
20230321	14:48:05	57a7158f-1910-4710-9bf8-db90b95be261	OPTIONS	/notes	http://localhost:3000
20230321	14:48:05	e2cd7f0c-353a-4694-b226-43376683f32e	GET	/notes	http://localhost:3000
20230321	14:48:21	e404b032-6e56-49dc-9e59-f1d2c89e1bfd	OPTIONS	/notes	http://localhost:3000
20230321	14:48:21	5a84178b-024d-4bc7-bf29-5ae933619558	GET	/notes	http://localhost:3000
20230321	14:48:37	afa728fc-a645-40b8-bee5-def5b22e18c7	OPTIONS	/notes	http://localhost:3000
20230321	14:48:37	e42e7f13-b982-4f7d-9fe8-616f53bf03af	GET	/notes	http://localhost:3000
20230321	14:48:53	75d53e2b-096e-4be8-a518-36539757f750	OPTIONS	/notes	http://localhost:3000
20230321	14:48:53	133eae15-1c83-43df-8a18-b624690062f8	GET	/notes	http://localhost:3000
20230321	14:49:09	ddc9103d-ea40-448a-9f8f-6bbf9b5bf9dc	OPTIONS	/notes	http://localhost:3000
20230321	14:49:09	01b28ca0-3f70-4df9-a0a5-bf16cf0b5f35	GET	/notes	http://localhost:3000
20230321	14:49:25	df754e93-b4f0-479a-9c02-1d8031f8be92	OPTIONS	/notes	http://localhost:3000
20230321	14:49:25	1f0eedf6-a3bd-47fc-942f-eeb5da0925af	GET	/notes	http://localhost:3000
20230321	14:49:41	4d5b6a75-7efc-4a20-ad74-99bdd52a54f3	OPTIONS	/notes	http://localhost:3000
20230321	14:49:41	f8284aab-a892-41df-8895-3d5f285a1553	GET	/notes	http://localhost:3000
20230321	14:49:57	c9adba67-0e92-4a43-ac77-003c628da487	OPTIONS	/notes	http://localhost:3000
20230321	14:49:57	fd30fe53-36e6-4147-9790-eacf6a6e6324	GET	/notes	http://localhost:3000
20230321	14:50:13	057c515f-f84a-44ce-8a01-e019e1803151	OPTIONS	/notes	http://localhost:3000
20230321	14:50:13	847e53ec-387f-424d-be2b-6fb2d92bde01	GET	/notes	http://localhost:3000
20230321	14:50:29	a27caaa7-5a82-46cb-9b70-512221683c51	OPTIONS	/notes	http://localhost:3000
20230321	14:50:29	c84f81db-7f70-41a5-ba2a-bc94a58c0535	GET	/notes	http://localhost:3000
20230321	14:50:46	5e627442-2d5f-411b-bd24-00feb3c45843	OPTIONS	/notes	http://localhost:3000
20230321	14:50:46	4bcb8603-8bd8-478a-bca9-0aad2b156b84	GET	/notes	http://localhost:3000
20230321	14:51:02	450c415b-d85d-4c6c-83e7-f70364f9ed16	OPTIONS	/notes	http://localhost:3000
20230321	14:51:02	4f4692b2-8d39-4aaa-86d7-b9deb3b174c7	GET	/notes	http://localhost:3000
20230321	14:51:18	9c60ba27-1775-400b-99f8-f11a45b7f5d3	OPTIONS	/notes	http://localhost:3000
20230321	14:51:18	828fe942-bdd4-4208-b09a-4ac6ab041af6	GET	/notes	http://localhost:3000
20230321	14:51:34	221c9d7b-3f57-4d09-bb52-1afafbe3f966	OPTIONS	/notes	http://localhost:3000
20230321	14:51:34	8db0bfaa-8c35-41a8-b909-b59c127891ed	GET	/notes	http://localhost:3000
20230321	14:51:50	30c596d7-f145-43a9-9c42-c17fb1285980	OPTIONS	/notes	http://localhost:3000
20230321	14:51:50	b8759855-0cce-4a35-aeb3-45d25d17cbbe	GET	/notes	http://localhost:3000
20230321	14:52:06	fa221946-c189-4c50-b829-4c65eb446d8a	OPTIONS	/notes	http://localhost:3000
20230321	14:52:06	9b4b3a71-8e8a-42d6-9f8a-a5978d510a82	GET	/notes	http://localhost:3000
20230321	14:52:22	f514a9b5-e457-4003-978f-c31667a6a2df	OPTIONS	/notes	http://localhost:3000
20230321	14:52:22	cb797c51-cf33-4578-a338-403d17f06b47	GET	/notes	http://localhost:3000
20230321	14:52:38	13958100-8bd0-4796-bc1b-5a9f11ca5474	OPTIONS	/notes	http://localhost:3000
20230321	14:52:38	7e6f4ce4-2bcc-4b50-b6c7-d9bd6b14d089	GET	/notes	http://localhost:3000
20230321	14:52:54	4c415fc1-05b3-4143-9741-82c7942f6b55	OPTIONS	/notes	http://localhost:3000
20230321	14:52:54	711475b5-4393-4e28-93cd-95b94f3a6f81	GET	/notes	http://localhost:3000
20230321	14:53:10	15202010-05ce-4747-afbd-0c1978670715	OPTIONS	/notes	http://localhost:3000
20230321	14:53:10	cf57eb55-922c-42a1-be6c-46e77396c3f1	GET	/notes	http://localhost:3000
20230321	14:53:26	6eb9e2cb-1364-448f-8caf-7cbb58a7d40f	OPTIONS	/notes	http://localhost:3000
20230321	14:53:26	fa86413a-42af-45c3-b291-40a30dd04cdd	GET	/notes	http://localhost:3000
20230321	14:53:26	58ddc651-f325-418f-9418-960fd7cbb4aa	OPTIONS	/auth/refresh	http://localhost:3000
20230321	14:53:26	f787d2d7-65eb-41cc-863c-453cab6dc5bb	GET	/auth/refresh	http://localhost:3000
20230321	14:53:26	7f5baac9-796d-4f6b-b2ab-adacfe1f614c	GET	/notes	http://localhost:3000
20230321	14:53:42	3971efb7-027f-49ed-bd61-9c8a88535b1c	OPTIONS	/notes	http://localhost:3000
20230321	14:53:42	4d98d8c9-6854-4643-a728-f28e83883282	GET	/notes	http://localhost:3000
20230321	14:53:58	b3ebf52d-a293-4f8e-a75f-8c6c65bc9696	OPTIONS	/notes	http://localhost:3000
20230321	14:53:58	f90e6500-1c18-44ab-9d6c-a673981dcdce	GET	/notes	http://localhost:3000
20230321	14:54:14	b4632483-f10f-410e-877e-d7d1a42ff0ba	OPTIONS	/notes	http://localhost:3000
20230321	14:54:14	738bab94-86e9-412a-95d0-0278bf683ac5	GET	/notes	http://localhost:3000
20230321	14:54:30	3698d051-2ab9-48ff-aec7-43a900f650e0	OPTIONS	/notes	http://localhost:3000
20230321	14:54:30	d9aa457a-b38b-41df-abe4-50b25d5d506a	GET	/notes	http://localhost:3000
20230321	14:54:46	b63d10a0-28dc-4bc8-90b9-5787faf44c30	OPTIONS	/notes	http://localhost:3000
20230321	14:54:46	8a99214d-5802-4771-adc5-3ad3adc262fb	GET	/notes	http://localhost:3000
20230321	14:55:02	7a84d86f-8e11-4d96-ae90-80194d2b83a9	OPTIONS	/notes	http://localhost:3000
20230321	14:55:02	10a3b4b3-4eb0-4bd5-81ea-3bde04363938	GET	/notes	http://localhost:3000
20230321	14:55:18	6f7d6d69-37d0-406e-8580-43e4dd61c024	OPTIONS	/notes	http://localhost:3000
20230321	14:55:18	f39ac6df-13b6-432c-b26d-527c9a57b97e	GET	/notes	http://localhost:3000
20230321	14:55:34	778d5579-1f43-4336-b31d-b972d5fcd4df	OPTIONS	/notes	http://localhost:3000
20230321	14:55:34	ec15cd11-a399-422e-b5f3-a16480148dea	GET	/notes	http://localhost:3000
20230321	14:55:50	e3a73f48-7d7f-40b8-b84b-9d87a90364c3	OPTIONS	/notes	http://localhost:3000
20230321	14:55:50	26cad94e-3bd6-4b4e-b861-dff458eaa4f5	GET	/notes	http://localhost:3000
20230321	14:56:06	c908994d-3dd9-4e19-a3fb-1501a303d6b1	OPTIONS	/notes	http://localhost:3000
20230321	14:56:06	c16d1d39-c953-4750-af07-96f3a73366de	GET	/notes	http://localhost:3000
20230321	14:56:22	7566c1d1-0119-4105-8ae0-f72a4ddd5385	OPTIONS	/notes	http://localhost:3000
20230321	14:56:22	7db56aa0-7276-4974-aed4-b47f303652e9	GET	/notes	http://localhost:3000
20230321	14:56:38	b08704ad-2acb-42c5-a0e8-e2c3638b9134	OPTIONS	/notes	http://localhost:3000
20230321	14:56:38	2516b603-9da6-4874-b153-1e7d64a61ceb	GET	/notes	http://localhost:3000
20230321	14:56:54	c5e852fb-a25c-4ebe-8f16-39d86a835468	OPTIONS	/notes	http://localhost:3000
20230321	14:56:54	330e32a4-3529-4f92-a22e-92e39825a1cd	GET	/notes	http://localhost:3000
20230321	14:57:10	0e4a1ca4-a064-46c6-aa0f-88fbdcf17221	OPTIONS	/notes	http://localhost:3000
20230321	14:57:10	30b19d9c-e98b-4375-8d9e-68baeac80627	GET	/notes	http://localhost:3000
20230321	14:57:26	ad6c1506-f0c9-43b0-887e-96c10b4bf993	OPTIONS	/notes	http://localhost:3000
20230321	14:57:26	66b6a0b8-b493-4a5d-8040-4f21f2ea8722	GET	/notes	http://localhost:3000
20230321	14:57:42	bfc8d113-3872-4fe8-84a5-7316e64074a5	OPTIONS	/notes	http://localhost:3000
20230321	14:57:42	c64838b9-8a84-40fd-b9f5-3e5ce990823f	GET	/notes	http://localhost:3000
20230321	14:57:58	aa887cf5-3702-4bed-b96d-532e030c9d8d	OPTIONS	/notes	http://localhost:3000
20230321	14:57:58	142d6af2-fe48-46ca-bde7-ff59864d2fdc	GET	/notes	http://localhost:3000
20230321	14:58:14	265bc2a4-a044-4004-a3f3-080b725971dc	OPTIONS	/notes	http://localhost:3000
20230321	14:58:14	8b70f829-068d-4b61-b5f9-9aa15576b96f	GET	/notes	http://localhost:3000
20230321	14:58:30	c2514e53-e208-461c-b487-948bfd921911	OPTIONS	/notes	http://localhost:3000
20230321	14:58:30	923d31a6-19b4-4098-baf3-b32a35ecf67c	GET	/notes	http://localhost:3000
20230321	14:58:46	47e01817-326c-4905-98da-a3feb71c6d93	OPTIONS	/notes	http://localhost:3000
20230321	14:58:46	b3f47df3-6e8e-4404-9718-da659b326e7a	GET	/notes	http://localhost:3000
20230321	14:59:02	91d18618-dcf6-45ac-b49b-bdfb9706a241	OPTIONS	/notes	http://localhost:3000
20230321	14:59:02	061b3130-4041-4584-8241-b5606d023bdc	GET	/notes	http://localhost:3000
20230321	14:59:18	5237a829-62b6-499c-a766-484af6136839	OPTIONS	/notes	http://localhost:3000
20230321	14:59:18	1f5925a9-6325-421b-8941-a112c004450f	GET	/notes	http://localhost:3000
20230321	14:59:34	7f189f2d-bb7f-4986-985e-24e00bbf165f	OPTIONS	/notes	http://localhost:3000
20230321	14:59:34	34e8410d-a55d-4dc1-a820-02db023bf940	GET	/notes	http://localhost:3000
20230321	14:59:50	abca434b-b3e3-4fa1-8ce6-4937e5c2a17e	OPTIONS	/notes	http://localhost:3000
20230321	14:59:50	cb7c94b1-e890-42bd-b0b0-a6b20f7bf564	GET	/notes	http://localhost:3000
20230321	15:00:06	c0ab5ec2-8fab-4895-98c2-73a9afc513b3	OPTIONS	/notes	http://localhost:3000
20230321	15:00:06	3d4d0a41-7773-4a0d-bff6-4582a987ac30	GET	/notes	http://localhost:3000
20230321	15:00:22	755ac544-5eca-446a-84d5-bd140424dabf	OPTIONS	/notes	http://localhost:3000
20230321	15:00:22	28cbe815-f4a6-41d7-8d5c-99ae0bd46c48	GET	/notes	http://localhost:3000
20230321	15:00:38	a11b22c0-1efe-4d1d-9222-3d38dfa56663	OPTIONS	/notes	http://localhost:3000
20230321	15:00:38	0c8e52c9-bb63-4892-8247-e326c7acf2b0	GET	/notes	http://localhost:3000
20230321	15:00:54	3afa4250-3bba-4dff-923a-3e56f18962ee	OPTIONS	/notes	http://localhost:3000
20230321	15:00:54	19990716-7585-4507-ad6f-06d353b81d41	GET	/notes	http://localhost:3000
20230321	15:01:10	94dfdb7c-d84c-452b-be94-f7a0e90134e6	OPTIONS	/notes	http://localhost:3000
20230321	15:01:10	2bfb4450-3fe1-4f99-b9dd-87bdb3f8482f	GET	/notes	http://localhost:3000
20230321	15:01:26	ef04788e-a8e0-4e4a-8460-90325315bf6d	OPTIONS	/notes	http://localhost:3000
20230321	15:01:26	648d98de-fb95-4f80-bc1f-bad7a94bca3a	GET	/notes	http://localhost:3000
20230321	15:01:42	1360d4c2-8716-4f6e-8e4e-d2e6f8c29d29	OPTIONS	/notes	http://localhost:3000
20230321	15:01:42	50b0b633-2c5b-4384-8126-f7f8a8d2b0f4	GET	/notes	http://localhost:3000
20230321	15:01:58	5bc38623-47de-413a-9945-5fb12536d6cb	OPTIONS	/notes	http://localhost:3000
20230321	15:01:58	0c69aec6-f39a-46ec-868b-07c1fa76dfb2	GET	/notes	http://localhost:3000
20230321	15:02:14	6b05bd48-977f-48a4-a2c9-ba797f21ccf4	OPTIONS	/notes	http://localhost:3000
20230321	15:02:14	b6bec6f7-84f7-46fc-9e62-8a7133392fc0	GET	/notes	http://localhost:3000
20230321	15:02:30	9971b42c-3ecb-45d3-8fff-af4596af9e54	OPTIONS	/notes	http://localhost:3000
20230321	15:02:30	c0f263b5-37f6-4a48-ad2c-31d67d2b54c4	GET	/notes	http://localhost:3000
20230321	15:02:46	bdf9aafd-fc9a-4dd2-9593-2e843906952d	OPTIONS	/notes	http://localhost:3000
20230321	15:02:46	1f14835d-2c8e-41a4-b09d-3b6bdb4e8585	GET	/notes	http://localhost:3000
20230321	15:03:02	0ae0f7cb-5fe7-468e-9e65-6002b2cb5704	OPTIONS	/notes	http://localhost:3000
20230321	15:03:02	6ffde77d-255e-41a4-913e-da5d6e0927ea	GET	/notes	http://localhost:3000
20230321	15:03:18	c88ee6ee-f6ce-473f-a23a-14a0c15a0a59	OPTIONS	/notes	http://localhost:3000
20230321	15:03:18	fee6a17e-6cde-4064-a994-e801b855c783	GET	/notes	http://localhost:3000
20230321	15:03:34	0de42c53-1333-45d4-8ee0-5061e80f1b76	OPTIONS	/notes	http://localhost:3000
20230321	15:03:34	ad98c48d-6aa7-4f9b-9468-ade5124bc51e	GET	/notes	http://localhost:3000
20230321	15:03:50	61ddb1d3-53c1-4111-ab0a-cbeb4b95ad09	OPTIONS	/notes	http://localhost:3000
20230321	15:03:50	a74cb302-27f0-47f4-bea7-c33d933447fa	GET	/notes	http://localhost:3000
20230321	15:04:06	2fb97c83-02e2-42ec-8ee9-b6fb7283a072	OPTIONS	/notes	http://localhost:3000
20230321	15:04:06	53b52470-fb91-4b5f-8fdb-22c0aa8a6f68	GET	/notes	http://localhost:3000
20230321	15:04:22	871491cf-8c25-4d20-971c-9dcac248dd6f	OPTIONS	/notes	http://localhost:3000
20230321	15:04:22	a1eed139-aea4-4b6f-bb3c-d8843eeb0fce	GET	/notes	http://localhost:3000
20230321	15:04:38	386dde30-e106-4bf3-95ca-038915d33258	OPTIONS	/notes	http://localhost:3000
20230321	15:04:38	99b3995f-c2cb-4b38-9872-b912036fe105	GET	/notes	http://localhost:3000
20230321	15:04:54	705d04c9-034d-4cf0-b707-7ec3573a1eb7	OPTIONS	/notes	http://localhost:3000
20230321	15:04:54	10501154-68b3-4bd0-9303-76fccf129d0a	GET	/notes	http://localhost:3000
20230321	15:05:10	f7306b33-97ed-4c11-b18b-7f0f70f8adf3	OPTIONS	/notes	http://localhost:3000
20230321	15:05:10	fcaa60dc-5298-4edf-8e29-34ae9f278018	GET	/notes	http://localhost:3000
20230321	15:05:26	353e75b4-bfd9-4a5d-b8c0-55214e8462dd	OPTIONS	/notes	http://localhost:3000
20230321	15:05:26	2d3fe751-2663-4dbc-9165-65c03892676f	GET	/notes	http://localhost:3000
20230321	15:05:42	d9efc0de-c3cb-4b9f-8690-8eb0a092b03b	OPTIONS	/notes	http://localhost:3000
20230321	15:05:42	6e8038bb-f7b5-4e9f-a332-e69e299cc982	GET	/notes	http://localhost:3000
20230321	15:05:58	2c7e50e7-1d2d-425e-9337-6112c5e96c0c	OPTIONS	/notes	http://localhost:3000
20230321	15:05:58	46b9e65c-4506-4b2f-8fb2-7ea354155ca0	GET	/notes	http://localhost:3000
